============================= test session starts ==============================
platform linux -- Python 3.12.1, pytest-8.3.5, pluggy-1.5.0
rootdir: /workspaces/Dihya
configfile: pytest.ini
plugins: anyio-4.9.0, asyncio-0.26.0, flask-1.3.0, cov-6.1.1, mock-3.14.0
asyncio: mode=Mode.STRICT, asyncio_default_fixture_loop_scope=None, asyncio_default_test_loop_scope=function
collected 270 items / 315 errors

==================================== ERRORS ====================================
____________ ERROR collecting Dihya/assets/fonts/test_meta_fonts.py ____________
ImportError while importing test module '/workspaces/Dihya/Dihya/assets/fonts/test_meta_fonts.py'.
Hint: make sure your test modules/packages have valid Python names.
Traceback:
/usr/local/python/3.12.1/lib/python3.12/importlib/__init__.py:90: in import_module
    return _bootstrap._gcd_import(name[level:], package, level)
Dihya/assets/fonts/test_meta_fonts.py:2: in <module>
    from meta_fonts import meta_fonts, get_font_path
E   ModuleNotFoundError: No module named 'meta_fonts'
__________________ ERROR collecting Dihya/backend/ai/tests.py __________________
ImportError while importing test module '/workspaces/Dihya/Dihya/backend/ai/tests.py'.
Hint: make sure your test modules/packages have valid Python names.
Traceback:
/usr/local/python/3.12.1/lib/python3.12/importlib/__init__.py:90: in import_module
    return _bootstrap._gcd_import(name[level:], package, level)
E   ModuleNotFoundError: No module named 'ai.tests'
_____ ERROR collecting Dihya/backend/assets/scripts/routes/vr_ar/tests.py ______
import file mismatch:
imported module 'vr_ar.tests' has this __file__ attribute:
  /workspaces/Dihya/Dihya/assets/images/routes/vr_ar/tests.py
which is not the same as the test file we want to collect:
  /workspaces/Dihya/Dihya/backend/assets/scripts/routes/vr_ar/tests.py
HINT: remove __pycache__ / .pyc files and/or use a unique basename for your test file modules
_ ERROR collecting Dihya/backend/compliance/provenance/test_log_provenance.py __
ImportError while importing test module '/workspaces/Dihya/Dihya/backend/compliance/provenance/test_log_provenance.py'.
Hint: make sure your test modules/packages have valid Python names.
Traceback:
/usr/local/python/3.12.1/lib/python3.12/importlib/__init__.py:90: in import_module
    return _bootstrap._gcd_import(name[level:], package, level)
Dihya/backend/compliance/provenance/test_log_provenance.py:7: in <module>
    from log_provenance import ProvenanceLogger, ProvenanceEvent, ProvenanceExportRequest, Role
Dihya/backend/compliance/provenance/log_provenance.py:145: in <module>
    from .log_provenance import ProvenanceLogger, ProvenanceExportRequest, ProvenanceExportResponse
E   ImportError: attempted relative import with no known parent package
_ ERROR collecting Dihya/backend/compliance/tests/test_compliance_integration.py _
ImportError while importing test module '/workspaces/Dihya/Dihya/backend/compliance/tests/test_compliance_integration.py'.
Hint: make sure your test modules/packages have valid Python names.
Traceback:
/usr/local/python/3.12.1/lib/python3.12/importlib/__init__.py:90: in import_module
    return _bootstrap._gcd_import(name[level:], package, level)
Dihya/backend/compliance/tests/test_compliance_integration.py:9: in <module>
    from Dihya.backend.compliance.rgpd.export_rgpd import router as rgpd_router, RGPDExportRequest, RGPDDeleteRequest, RGPDConsentRequest, Role, RGPDExportFormat
E   ModuleNotFoundError: No module named 'Dihya'
______ ERROR collecting Dihya/backend/core/tests/test_core_integration.py ______
ImportError while importing test module '/workspaces/Dihya/Dihya/backend/core/tests/test_core_integration.py'.
Hint: make sure your test modules/packages have valid Python names.
Traceback:
/usr/local/python/3.12.1/lib/python3.12/importlib/__init__.py:90: in import_module
    return _bootstrap._gcd_import(name[level:], package, level)
Dihya/backend/core/tests/test_core_integration.py:7: in <module>
    from Dihya.backend.core.app import create_app
E   ModuleNotFoundError: No module named 'Dihya'
___________ ERROR collecting Dihya/backend/core/tests/test_errors.py ___________
ImportError while importing test module '/workspaces/Dihya/Dihya/backend/core/tests/test_errors.py'.
Hint: make sure your test modules/packages have valid Python names.
Traceback:
/usr/local/python/3.12.1/lib/python3.12/importlib/__init__.py:90: in import_module
    return _bootstrap._gcd_import(name[level:], package, level)
Dihya/backend/core/tests/test_errors.py:7: in <module>
    from Dihya.backend.core.errors import register_error_handlers
E   ModuleNotFoundError: No module named 'Dihya'
___________ ERROR collecting Dihya/backend/core/tests/test_utils.py ____________
ImportError while importing test module '/workspaces/Dihya/Dihya/backend/core/tests/test_utils.py'.
Hint: make sure your test modules/packages have valid Python names.
Traceback:
/usr/local/python/3.12.1/lib/python3.12/importlib/__init__.py:90: in import_module
    return _bootstrap._gcd_import(name[level:], package, level)
Dihya/backend/core/tests/test_utils.py:6: in <module>
    from Dihya.backend.core import utils
E   ModuleNotFoundError: No module named 'Dihya'
_________ ERROR collecting Dihya/backend/django/app/routes/3d/tests.py _________
import file mismatch:
imported module 'tests' has this __file__ attribute:
  /workspaces/Dihya/Dihya/backend/db/tests
which is not the same as the test file we want to collect:
  /workspaces/Dihya/Dihya/backend/django/app/routes/3d/tests.py
HINT: remove __pycache__ / .pyc files and/or use a unique basename for your test file modules
_ ERROR collecting Dihya/backend/django/app/routes/administration_publique/tests.py _
Dihya/backend/django/app/routes/administration_publique/tests.py:7: in <module>
    from rest_framework.test import APIClient
/usr/local/python/3.12.1/lib/python3.12/site-packages/rest_framework/test.py:138: in <module>
    class APIRequestFactory(DjangoRequestFactory):
/usr/local/python/3.12.1/lib/python3.12/site-packages/rest_framework/test.py:139: in APIRequestFactory
    renderer_classes_list = api_settings.TEST_REQUEST_RENDERER_CLASSES
/usr/local/python/3.12.1/lib/python3.12/site-packages/rest_framework/settings.py:220: in __getattr__
    val = self.user_settings[attr]
/usr/local/python/3.12.1/lib/python3.12/site-packages/rest_framework/settings.py:211: in user_settings
    self._user_settings = getattr(settings, 'REST_FRAMEWORK', {})
/usr/local/python/3.12.1/lib/python3.12/site-packages/django/conf/__init__.py:81: in __getattr__
    self._setup(name)
/usr/local/python/3.12.1/lib/python3.12/site-packages/django/conf/__init__.py:61: in _setup
    raise ImproperlyConfigured(
E   django.core.exceptions.ImproperlyConfigured: Requested setting REST_FRAMEWORK, but settings are not configured. You must either define the environment variable DJANGO_SETTINGS_MODULE or call settings.configure() before accessing settings.
____ ERROR collecting Dihya/backend/django/app/routes/agriculture/tests.py _____
Dihya/backend/django/app/routes/agriculture/tests.py:7: in <module>
    from rest_framework.test import APIClient
/usr/local/python/3.12.1/lib/python3.12/site-packages/rest_framework/test.py:138: in <module>
    class APIRequestFactory(DjangoRequestFactory):
/usr/local/python/3.12.1/lib/python3.12/site-packages/rest_framework/test.py:139: in APIRequestFactory
    renderer_classes_list = api_settings.TEST_REQUEST_RENDERER_CLASSES
/usr/local/python/3.12.1/lib/python3.12/site-packages/rest_framework/settings.py:220: in __getattr__
    val = self.user_settings[attr]
/usr/local/python/3.12.1/lib/python3.12/site-packages/rest_framework/settings.py:211: in user_settings
    self._user_settings = getattr(settings, 'REST_FRAMEWORK', {})
/usr/local/python/3.12.1/lib/python3.12/site-packages/django/conf/__init__.py:81: in __getattr__
    self._setup(name)
/usr/local/python/3.12.1/lib/python3.12/site-packages/django/conf/__init__.py:61: in _setup
    raise ImproperlyConfigured(
E   django.core.exceptions.ImproperlyConfigured: Requested setting REST_FRAMEWORK, but settings are not configured. You must either define the environment variable DJANGO_SETTINGS_MODULE or call settings.configure() before accessing settings.
________ ERROR collecting Dihya/backend/django/app/routes/arts/tests.py ________
Dihya/backend/django/app/routes/arts/tests.py:7: in <module>
    from rest_framework.test import APIClient
/usr/local/python/3.12.1/lib/python3.12/site-packages/rest_framework/test.py:138: in <module>
    class APIRequestFactory(DjangoRequestFactory):
/usr/local/python/3.12.1/lib/python3.12/site-packages/rest_framework/test.py:139: in APIRequestFactory
    renderer_classes_list = api_settings.TEST_REQUEST_RENDERER_CLASSES
/usr/local/python/3.12.1/lib/python3.12/site-packages/rest_framework/settings.py:220: in __getattr__
    val = self.user_settings[attr]
/usr/local/python/3.12.1/lib/python3.12/site-packages/rest_framework/settings.py:211: in user_settings
    self._user_settings = getattr(settings, 'REST_FRAMEWORK', {})
/usr/local/python/3.12.1/lib/python3.12/site-packages/django/conf/__init__.py:81: in __getattr__
    self._setup(name)
/usr/local/python/3.12.1/lib/python3.12/site-packages/django/conf/__init__.py:61: in _setup
    raise ImproperlyConfigured(
E   django.core.exceptions.ImproperlyConfigured: Requested setting REST_FRAMEWORK, but settings are not configured. You must either define the environment variable DJANGO_SETTINGS_MODULE or call settings.configure() before accessing settings.
_____ ERROR collecting Dihya/backend/django/app/routes/assurance/tests.py ______
Dihya/backend/django/app/routes/assurance/tests.py:7: in <module>
    from rest_framework.test import APIClient
/usr/local/python/3.12.1/lib/python3.12/site-packages/rest_framework/test.py:138: in <module>
    class APIRequestFactory(DjangoRequestFactory):
/usr/local/python/3.12.1/lib/python3.12/site-packages/rest_framework/test.py:139: in APIRequestFactory
    renderer_classes_list = api_settings.TEST_REQUEST_RENDERER_CLASSES
/usr/local/python/3.12.1/lib/python3.12/site-packages/rest_framework/settings.py:220: in __getattr__
    val = self.user_settings[attr]
/usr/local/python/3.12.1/lib/python3.12/site-packages/rest_framework/settings.py:211: in user_settings
    self._user_settings = getattr(settings, 'REST_FRAMEWORK', {})
/usr/local/python/3.12.1/lib/python3.12/site-packages/django/conf/__init__.py:81: in __getattr__
    self._setup(name)
/usr/local/python/3.12.1/lib/python3.12/site-packages/django/conf/__init__.py:61: in _setup
    raise ImproperlyConfigured(
E   django.core.exceptions.ImproperlyConfigured: Requested setting REST_FRAMEWORK, but settings are not configured. You must either define the environment variable DJANGO_SETTINGS_MODULE or call settings.configure() before accessing settings.
_____ ERROR collecting Dihya/backend/django/app/routes/automobile/tests.py _____
Dihya/backend/django/app/routes/automobile/tests.py:10: in <module>
    from .models import Vehicule, Proprietaire, Entretien, Sinistre, Telematic, IoT, Alerte, Rapport
Dihya/backend/django/app/routes/automobile/models.py:11: in <module>
    User = get_user_model()
/usr/local/python/3.12.1/lib/python3.12/site-packages/django/contrib/auth/__init__.py:283: in get_user_model
    return django_apps.get_model(settings.AUTH_USER_MODEL, require_ready=False)
/usr/local/python/3.12.1/lib/python3.12/site-packages/django/conf/__init__.py:81: in __getattr__
    self._setup(name)
/usr/local/python/3.12.1/lib/python3.12/site-packages/django/conf/__init__.py:61: in _setup
    raise ImproperlyConfigured(
E   django.core.exceptions.ImproperlyConfigured: Requested setting AUTH_USER_MODEL, but settings are not configured. You must either define the environment variable DJANGO_SETTINGS_MODULE or call settings.configure() before accessing settings.
___ ERROR collecting Dihya/backend/django/app/routes/banque_finance/tests.py ___
import file mismatch:
imported module 'tests' has this __file__ attribute:
  /workspaces/Dihya/Dihya/backend/db/tests
which is not the same as the test file we want to collect:
  /workspaces/Dihya/Dihya/backend/django/app/routes/banque_finance/tests.py
HINT: remove __pycache__ / .pyc files and/or use a unique basename for your test file modules
_______ ERROR collecting Dihya/backend/django/app/routes/beaute/tests.py _______
Dihya/backend/django/app/routes/beaute/tests.py:7: in <module>
    from rest_framework.test import APIClient
/usr/local/python/3.12.1/lib/python3.12/site-packages/rest_framework/test.py:138: in <module>
    class APIRequestFactory(DjangoRequestFactory):
/usr/local/python/3.12.1/lib/python3.12/site-packages/rest_framework/test.py:139: in APIRequestFactory
    renderer_classes_list = api_settings.TEST_REQUEST_RENDERER_CLASSES
/usr/local/python/3.12.1/lib/python3.12/site-packages/rest_framework/settings.py:220: in __getattr__
    val = self.user_settings[attr]
/usr/local/python/3.12.1/lib/python3.12/site-packages/rest_framework/settings.py:211: in user_settings
    self._user_settings = getattr(settings, 'REST_FRAMEWORK', {})
/usr/local/python/3.12.1/lib/python3.12/site-packages/django/conf/__init__.py:81: in __getattr__
    self._setup(name)
/usr/local/python/3.12.1/lib/python3.12/site-packages/django/conf/__init__.py:61: in _setup
    raise ImproperlyConfigured(
E   django.core.exceptions.ImproperlyConfigured: Requested setting REST_FRAMEWORK, but settings are not configured. You must either define the environment variable DJANGO_SETTINGS_MODULE or call settings.configure() before accessing settings.
_____ ERROR collecting Dihya/backend/django/app/routes/blockchain/tests.py _____
Dihya/backend/django/app/routes/blockchain/tests.py:7: in <module>
    from rest_framework.test import APIClient
/usr/local/python/3.12.1/lib/python3.12/site-packages/rest_framework/test.py:138: in <module>
    class APIRequestFactory(DjangoRequestFactory):
/usr/local/python/3.12.1/lib/python3.12/site-packages/rest_framework/test.py:139: in APIRequestFactory
    renderer_classes_list = api_settings.TEST_REQUEST_RENDERER_CLASSES
/usr/local/python/3.12.1/lib/python3.12/site-packages/rest_framework/settings.py:220: in __getattr__
    val = self.user_settings[attr]
/usr/local/python/3.12.1/lib/python3.12/site-packages/rest_framework/settings.py:211: in user_settings
    self._user_settings = getattr(settings, 'REST_FRAMEWORK', {})
/usr/local/python/3.12.1/lib/python3.12/site-packages/django/conf/__init__.py:81: in __getattr__
    self._setup(name)
/usr/local/python/3.12.1/lib/python3.12/site-packages/django/conf/__init__.py:61: in _setup
    raise ImproperlyConfigured(
E   django.core.exceptions.ImproperlyConfigured: Requested setting REST_FRAMEWORK, but settings are not configured. You must either define the environment variable DJANGO_SETTINGS_MODULE or call settings.configure() before accessing settings.
________ ERROR collecting Dihya/backend/django/app/routes/btp/tests.py _________
Dihya/backend/django/app/routes/btp/tests.py:7: in <module>
    from rest_framework.test import APIClient
/usr/local/python/3.12.1/lib/python3.12/site-packages/rest_framework/test.py:138: in <module>
    class APIRequestFactory(DjangoRequestFactory):
/usr/local/python/3.12.1/lib/python3.12/site-packages/rest_framework/test.py:139: in APIRequestFactory
    renderer_classes_list = api_settings.TEST_REQUEST_RENDERER_CLASSES
/usr/local/python/3.12.1/lib/python3.12/site-packages/rest_framework/settings.py:220: in __getattr__
    val = self.user_settings[attr]
/usr/local/python/3.12.1/lib/python3.12/site-packages/rest_framework/settings.py:211: in user_settings
    self._user_settings = getattr(settings, 'REST_FRAMEWORK', {})
/usr/local/python/3.12.1/lib/python3.12/site-packages/django/conf/__init__.py:81: in __getattr__
    self._setup(name)
/usr/local/python/3.12.1/lib/python3.12/site-packages/django/conf/__init__.py:61: in _setup
    raise ImproperlyConfigured(
E   django.core.exceptions.ImproperlyConfigured: Requested setting REST_FRAMEWORK, but settings are not configured. You must either define the environment variable DJANGO_SETTINGS_MODULE or call settings.configure() before accessing settings.
_____ ERROR collecting Dihya/backend/django/app/routes/compliance/tests.py _____
Dihya/backend/django/app/routes/compliance/tests.py:5: in <module>
    from rest_framework.test import APIClient
/usr/local/python/3.12.1/lib/python3.12/site-packages/rest_framework/test.py:138: in <module>
    class APIRequestFactory(DjangoRequestFactory):
/usr/local/python/3.12.1/lib/python3.12/site-packages/rest_framework/test.py:139: in APIRequestFactory
    renderer_classes_list = api_settings.TEST_REQUEST_RENDERER_CLASSES
/usr/local/python/3.12.1/lib/python3.12/site-packages/rest_framework/settings.py:220: in __getattr__
    val = self.user_settings[attr]
/usr/local/python/3.12.1/lib/python3.12/site-packages/rest_framework/settings.py:211: in user_settings
    self._user_settings = getattr(settings, 'REST_FRAMEWORK', {})
/usr/local/python/3.12.1/lib/python3.12/site-packages/django/conf/__init__.py:81: in __getattr__
    self._setup(name)
/usr/local/python/3.12.1/lib/python3.12/site-packages/django/conf/__init__.py:61: in _setup
    raise ImproperlyConfigured(
E   django.core.exceptions.ImproperlyConfigured: Requested setting REST_FRAMEWORK, but settings are not configured. You must either define the environment variable DJANGO_SETTINGS_MODULE or call settings.configure() before accessing settings.
____ ERROR collecting Dihya/backend/django/app/routes/construction/tests.py ____
Dihya/backend/django/app/routes/construction/tests.py:5: in <module>
    from .models import Chantier
Dihya/backend/django/app/routes/construction/models.py:7: in <module>
    class Chantier(models.Model):
/usr/local/python/3.12.1/lib/python3.12/site-packages/django/db/models/base.py:131: in __new__
    app_config = apps.get_containing_app_config(module)
/usr/local/python/3.12.1/lib/python3.12/site-packages/django/apps/registry.py:260: in get_containing_app_config
    self.check_apps_ready()
/usr/local/python/3.12.1/lib/python3.12/site-packages/django/apps/registry.py:137: in check_apps_ready
    settings.INSTALLED_APPS
/usr/local/python/3.12.1/lib/python3.12/site-packages/django/conf/__init__.py:81: in __getattr__
    self._setup(name)
/usr/local/python/3.12.1/lib/python3.12/site-packages/django/conf/__init__.py:61: in _setup
    raise ImproperlyConfigured(
E   django.core.exceptions.ImproperlyConfigured: Requested setting INSTALLED_APPS, but settings are not configured. You must either define the environment variable DJANGO_SETTINGS_MODULE or call settings.configure() before accessing settings.
_______ ERROR collecting Dihya/backend/django/app/routes/crypto/tests.py _______
Dihya/backend/django/app/routes/crypto/tests.py:5: in <module>
    from .models import CryptoWallet
Dihya/backend/django/app/routes/crypto/models.py:7: in <module>
    class CryptoWallet(models.Model):
/usr/local/python/3.12.1/lib/python3.12/site-packages/django/db/models/base.py:131: in __new__
    app_config = apps.get_containing_app_config(module)
/usr/local/python/3.12.1/lib/python3.12/site-packages/django/apps/registry.py:260: in get_containing_app_config
    self.check_apps_ready()
/usr/local/python/3.12.1/lib/python3.12/site-packages/django/apps/registry.py:137: in check_apps_ready
    settings.INSTALLED_APPS
/usr/local/python/3.12.1/lib/python3.12/site-packages/django/conf/__init__.py:81: in __getattr__
    self._setup(name)
/usr/local/python/3.12.1/lib/python3.12/site-packages/django/conf/__init__.py:61: in _setup
    raise ImproperlyConfigured(
E   django.core.exceptions.ImproperlyConfigured: Requested setting INSTALLED_APPS, but settings are not configured. You must either define the environment variable DJANGO_SETTINGS_MODULE or call settings.configure() before accessing settings.
______ ERROR collecting Dihya/backend/django/app/routes/culture/tests.py _______
Dihya/backend/django/app/routes/culture/tests.py:5: in <module>
    from .models import EvenementCulturel
Dihya/backend/django/app/routes/culture/models.py:7: in <module>
    class EvenementCulturel(models.Model):
/usr/local/python/3.12.1/lib/python3.12/site-packages/django/db/models/base.py:131: in __new__
    app_config = apps.get_containing_app_config(module)
/usr/local/python/3.12.1/lib/python3.12/site-packages/django/apps/registry.py:260: in get_containing_app_config
    self.check_apps_ready()
/usr/local/python/3.12.1/lib/python3.12/site-packages/django/apps/registry.py:137: in check_apps_ready
    settings.INSTALLED_APPS
/usr/local/python/3.12.1/lib/python3.12/site-packages/django/conf/__init__.py:81: in __getattr__
    self._setup(name)
/usr/local/python/3.12.1/lib/python3.12/site-packages/django/conf/__init__.py:61: in _setup
    raise ImproperlyConfigured(
E   django.core.exceptions.ImproperlyConfigured: Requested setting INSTALLED_APPS, but settings are not configured. You must either define the environment variable DJANGO_SETTINGS_MODULE or call settings.configure() before accessing settings.
_____ ERROR collecting Dihya/backend/django/app/routes/ecommerce/tests.py ______
import file mismatch:
imported module 'ecommerce.tests' has this __file__ attribute:
  /workspaces/Dihya/Dihya/backend/django/app/routes/ecommerce/tests
which is not the same as the test file we want to collect:
  /workspaces/Dihya/Dihya/backend/django/app/routes/ecommerce/tests.py
HINT: remove __pycache__ / .pyc files and/or use a unique basename for your test file modules
_____ ERROR collecting Dihya/backend/django/app/routes/education/tests.py ______
import file mismatch:
imported module 'education.tests' has this __file__ attribute:
  /workspaces/Dihya/Dihya/backend/django/app/routes/education/tests
which is not the same as the test file we want to collect:
  /workspaces/Dihya/Dihya/backend/django/app/routes/education/tests.py
HINT: remove __pycache__ / .pyc files and/or use a unique basename for your test file modules
______ ERROR collecting Dihya/backend/django/app/routes/energie/tests.py _______
import file mismatch:
imported module 'energie.tests' has this __file__ attribute:
  /workspaces/Dihya/Dihya/backend/django/app/routes/energie/tests
which is not the same as the test file we want to collect:
  /workspaces/Dihya/Dihya/backend/django/app/routes/energie/tests.py
HINT: remove __pycache__ / .pyc files and/or use a unique basename for your test file modules
___ ERROR collecting Dihya/backend/django/app/routes/environnement/tests.py ____
import file mismatch:
imported module 'environnement.tests' has this __file__ attribute:
  /workspaces/Dihya/Dihya/backend/django/app/routes/environnement/tests
which is not the same as the test file we want to collect:
  /workspaces/Dihya/Dihya/backend/django/app/routes/environnement/tests.py
HINT: remove __pycache__ / .pyc files and/or use a unique basename for your test file modules
_______ ERROR collecting Dihya/backend/django/app/routes/gamer/tests.py ________
import file mismatch:
imported module 'gamer.tests' has this __file__ attribute:
  /workspaces/Dihya/Dihya/backend/django/app/routes/gamer/tests
which is not the same as the test file we want to collect:
  /workspaces/Dihya/Dihya/backend/django/app/routes/gamer/tests.py
HINT: remove __pycache__ / .pyc files and/or use a unique basename for your test file modules
_______ ERROR collecting Dihya/backend/django/app/routes/health/tests.py _______
import file mismatch:
imported module 'health.tests' has this __file__ attribute:
  /workspaces/Dihya/Dihya/backend/django/app/routes/health/tests
which is not the same as the test file we want to collect:
  /workspaces/Dihya/Dihya/backend/django/app/routes/health/tests.py
HINT: remove __pycache__ / .pyc files and/or use a unique basename for your test file modules
_____ ERROR collecting Dihya/backend/django/app/routes/hotellerie/tests.py _____
Dihya/backend/django/app/routes/hotellerie/tests.py:5: in <module>
    from .models import Hotel
Dihya/backend/django/app/routes/hotellerie/models.py:7: in <module>
    class Hotel(models.Model):
/usr/local/python/3.12.1/lib/python3.12/site-packages/django/db/models/base.py:131: in __new__
    app_config = apps.get_containing_app_config(module)
/usr/local/python/3.12.1/lib/python3.12/site-packages/django/apps/registry.py:260: in get_containing_app_config
    self.check_apps_ready()
/usr/local/python/3.12.1/lib/python3.12/site-packages/django/apps/registry.py:137: in check_apps_ready
    settings.INSTALLED_APPS
/usr/local/python/3.12.1/lib/python3.12/site-packages/django/conf/__init__.py:81: in __getattr__
    self._setup(name)
/usr/local/python/3.12.1/lib/python3.12/site-packages/django/conf/__init__.py:61: in _setup
    raise ImproperlyConfigured(
E   django.core.exceptions.ImproperlyConfigured: Requested setting INSTALLED_APPS, but settings are not configured. You must either define the environment variable DJANGO_SETTINGS_MODULE or call settings.configure() before accessing settings.
_____ ERROR collecting Dihya/backend/django/app/routes/immobilier/tests.py _____
Dihya/backend/django/app/routes/immobilier/tests.py:5: in <module>
    from .models import BienImmobilier
Dihya/backend/django/app/routes/immobilier/models.py:7: in <module>
    class BienImmobilier(models.Model):
/usr/local/python/3.12.1/lib/python3.12/site-packages/django/db/models/base.py:131: in __new__
    app_config = apps.get_containing_app_config(module)
/usr/local/python/3.12.1/lib/python3.12/site-packages/django/apps/registry.py:260: in get_containing_app_config
    self.check_apps_ready()
/usr/local/python/3.12.1/lib/python3.12/site-packages/django/apps/registry.py:137: in check_apps_ready
    settings.INSTALLED_APPS
/usr/local/python/3.12.1/lib/python3.12/site-packages/django/conf/__init__.py:81: in __getattr__
    self._setup(name)
/usr/local/python/3.12.1/lib/python3.12/site-packages/django/conf/__init__.py:61: in _setup
    raise ImproperlyConfigured(
E   django.core.exceptions.ImproperlyConfigured: Requested setting INSTALLED_APPS, but settings are not configured. You must either define the environment variable DJANGO_SETTINGS_MODULE or call settings.configure() before accessing settings.
_____ ERROR collecting Dihya/backend/django/app/routes/industrie/tests.py ______
Dihya/backend/django/app/routes/industrie/tests.py:5: in <module>
    from .models import SiteIndustriel
Dihya/backend/django/app/routes/industrie/models.py:7: in <module>
    class SiteIndustriel(models.Model):
/usr/local/python/3.12.1/lib/python3.12/site-packages/django/db/models/base.py:131: in __new__
    app_config = apps.get_containing_app_config(module)
/usr/local/python/3.12.1/lib/python3.12/site-packages/django/apps/registry.py:260: in get_containing_app_config
    self.check_apps_ready()
/usr/local/python/3.12.1/lib/python3.12/site-packages/django/apps/registry.py:137: in check_apps_ready
    settings.INSTALLED_APPS
/usr/local/python/3.12.1/lib/python3.12/site-packages/django/conf/__init__.py:81: in __getattr__
    self._setup(name)
/usr/local/python/3.12.1/lib/python3.12/site-packages/django/conf/__init__.py:61: in _setup
    raise ImproperlyConfigured(
E   django.core.exceptions.ImproperlyConfigured: Requested setting INSTALLED_APPS, but settings are not configured. You must either define the environment variable DJANGO_SETTINGS_MODULE or call settings.configure() before accessing settings.
_ ERROR collecting Dihya/backend/django/app/routes/intelligence_artificielle/tests.py _
Dihya/backend/django/app/routes/intelligence_artificielle/tests.py:5: in <module>
    from .models import ModeleIA
Dihya/backend/django/app/routes/intelligence_artificielle/models.py:7: in <module>
    class ModeleIA(models.Model):
/usr/local/python/3.12.1/lib/python3.12/site-packages/django/db/models/base.py:131: in __new__
    app_config = apps.get_containing_app_config(module)
/usr/local/python/3.12.1/lib/python3.12/site-packages/django/apps/registry.py:260: in get_containing_app_config
    self.check_apps_ready()
/usr/local/python/3.12.1/lib/python3.12/site-packages/django/apps/registry.py:137: in check_apps_ready
    settings.INSTALLED_APPS
/usr/local/python/3.12.1/lib/python3.12/site-packages/django/conf/__init__.py:81: in __getattr__
    self._setup(name)
/usr/local/python/3.12.1/lib/python3.12/site-packages/django/conf/__init__.py:61: in _setup
    raise ImproperlyConfigured(
E   django.core.exceptions.ImproperlyConfigured: Requested setting INSTALLED_APPS, but settings are not configured. You must either define the environment variable DJANGO_SETTINGS_MODULE or call settings.configure() before accessing settings.
_____ ERROR collecting Dihya/backend/django/app/routes/it_devops/tests.py ______
Dihya/backend/django/app/routes/it_devops/tests.py:5: in <module>
    from .models import Pipeline
Dihya/backend/django/app/routes/it_devops/models.py:7: in <module>
    class Pipeline(models.Model):
/usr/local/python/3.12.1/lib/python3.12/site-packages/django/db/models/base.py:131: in __new__
    app_config = apps.get_containing_app_config(module)
/usr/local/python/3.12.1/lib/python3.12/site-packages/django/apps/registry.py:260: in get_containing_app_config
    self.check_apps_ready()
/usr/local/python/3.12.1/lib/python3.12/site-packages/django/apps/registry.py:137: in check_apps_ready
    settings.INSTALLED_APPS
/usr/local/python/3.12.1/lib/python3.12/site-packages/django/conf/__init__.py:81: in __getattr__
    self._setup(name)
/usr/local/python/3.12.1/lib/python3.12/site-packages/django/conf/__init__.py:61: in _setup
    raise ImproperlyConfigured(
E   django.core.exceptions.ImproperlyConfigured: Requested setting INSTALLED_APPS, but settings are not configured. You must either define the environment variable DJANGO_SETTINGS_MODULE or call settings.configure() before accessing settings.
____ ERROR collecting Dihya/backend/django/app/routes/journalisme/tests.py _____
Dihya/backend/django/app/routes/journalisme/tests.py:5: in <module>
    from .models import Article
Dihya/backend/django/app/routes/journalisme/models.py:7: in <module>
    class Article(models.Model):
/usr/local/python/3.12.1/lib/python3.12/site-packages/django/db/models/base.py:131: in __new__
    app_config = apps.get_containing_app_config(module)
/usr/local/python/3.12.1/lib/python3.12/site-packages/django/apps/registry.py:260: in get_containing_app_config
    self.check_apps_ready()
/usr/local/python/3.12.1/lib/python3.12/site-packages/django/apps/registry.py:137: in check_apps_ready
    settings.INSTALLED_APPS
/usr/local/python/3.12.1/lib/python3.12/site-packages/django/conf/__init__.py:81: in __getattr__
    self._setup(name)
/usr/local/python/3.12.1/lib/python3.12/site-packages/django/conf/__init__.py:61: in _setup
    raise ImproperlyConfigured(
E   django.core.exceptions.ImproperlyConfigured: Requested setting INSTALLED_APPS, but settings are not configured. You must either define the environment variable DJANGO_SETTINGS_MODULE or call settings.configure() before accessing settings.
_____ ERROR collecting Dihya/backend/django/app/routes/juridique/tests.py ______
Dihya/backend/django/app/routes/juridique/tests.py:5: in <module>
    from .models import DossierJuridique
Dihya/backend/django/app/routes/juridique/models.py:7: in <module>
    class DossierJuridique(models.Model):
/usr/local/python/3.12.1/lib/python3.12/site-packages/django/db/models/base.py:131: in __new__
    app_config = apps.get_containing_app_config(module)
/usr/local/python/3.12.1/lib/python3.12/site-packages/django/apps/registry.py:260: in get_containing_app_config
    self.check_apps_ready()
/usr/local/python/3.12.1/lib/python3.12/site-packages/django/apps/registry.py:137: in check_apps_ready
    settings.INSTALLED_APPS
/usr/local/python/3.12.1/lib/python3.12/site-packages/django/conf/__init__.py:81: in __getattr__
    self._setup(name)
/usr/local/python/3.12.1/lib/python3.12/site-packages/django/conf/__init__.py:61: in _setup
    raise ImproperlyConfigured(
E   django.core.exceptions.ImproperlyConfigured: Requested setting INSTALLED_APPS, but settings are not configured. You must either define the environment variable DJANGO_SETTINGS_MODULE or call settings.configure() before accessing settings.
_____ ERROR collecting Dihya/backend/django/app/routes/logistique/tests.py _____
Dihya/backend/django/app/routes/logistique/tests.py:4: in <module>
    from rest_framework.test import APIClient
/usr/local/python/3.12.1/lib/python3.12/site-packages/rest_framework/test.py:138: in <module>
    class APIRequestFactory(DjangoRequestFactory):
/usr/local/python/3.12.1/lib/python3.12/site-packages/rest_framework/test.py:139: in APIRequestFactory
    renderer_classes_list = api_settings.TEST_REQUEST_RENDERER_CLASSES
/usr/local/python/3.12.1/lib/python3.12/site-packages/rest_framework/settings.py:220: in __getattr__
    val = self.user_settings[attr]
/usr/local/python/3.12.1/lib/python3.12/site-packages/rest_framework/settings.py:211: in user_settings
    self._user_settings = getattr(settings, 'REST_FRAMEWORK', {})
/usr/local/python/3.12.1/lib/python3.12/site-packages/django/conf/__init__.py:81: in __getattr__
    self._setup(name)
/usr/local/python/3.12.1/lib/python3.12/site-packages/django/conf/__init__.py:61: in _setup
    raise ImproperlyConfigured(
E   django.core.exceptions.ImproperlyConfigured: Requested setting REST_FRAMEWORK, but settings are not configured. You must either define the environment variable DJANGO_SETTINGS_MODULE or call settings.configure() before accessing settings.
______ ERROR collecting Dihya/backend/django/app/routes/loisirs/tests.py _______
Dihya/backend/django/app/routes/loisirs/tests.py:5: in <module>
    from .models import ActiviteLoisir
Dihya/backend/django/app/routes/loisirs/models.py:7: in <module>
    class ActiviteLoisir(models.Model):
/usr/local/python/3.12.1/lib/python3.12/site-packages/django/db/models/base.py:131: in __new__
    app_config = apps.get_containing_app_config(module)
/usr/local/python/3.12.1/lib/python3.12/site-packages/django/apps/registry.py:260: in get_containing_app_config
    self.check_apps_ready()
/usr/local/python/3.12.1/lib/python3.12/site-packages/django/apps/registry.py:137: in check_apps_ready
    settings.INSTALLED_APPS
/usr/local/python/3.12.1/lib/python3.12/site-packages/django/conf/__init__.py:81: in __getattr__
    self._setup(name)
/usr/local/python/3.12.1/lib/python3.12/site-packages/django/conf/__init__.py:61: in _setup
    raise ImproperlyConfigured(
E   django.core.exceptions.ImproperlyConfigured: Requested setting INSTALLED_APPS, but settings are not configured. You must either define the environment variable DJANGO_SETTINGS_MODULE or call settings.configure() before accessing settings.
_____ ERROR collecting Dihya/backend/django/app/routes/marketing/tests.py ______
Dihya/backend/django/app/routes/marketing/tests.py:7: in <module>
    from .models import Campagne, Lead, Audience, Canal, Contenu, Analytics, ABTesting, Notification, Rapport, AuditLog
Dihya/backend/django/app/routes/marketing/models.py:10: in <module>
    class Campagne(models.Model):
Dihya/backend/django/app/routes/marketing/models.py:18: in Campagne
    cree_par = models.ForeignKey(settings.AUTH_USER_MODEL, on_delete=models.SET_NULL, null=True, help_text=_('Créateur'))
/usr/local/python/3.12.1/lib/python3.12/site-packages/django/conf/__init__.py:81: in __getattr__
    self._setup(name)
/usr/local/python/3.12.1/lib/python3.12/site-packages/django/conf/__init__.py:61: in _setup
    raise ImproperlyConfigured(
E   django.core.exceptions.ImproperlyConfigured: Requested setting AUTH_USER_MODEL, but settings are not configured. You must either define the environment variable DJANGO_SETTINGS_MODULE or call settings.configure() before accessing settings.
_______ ERROR collecting Dihya/backend/django/app/routes/medias/tests.py _______
Dihya/backend/django/app/routes/medias/tests.py:7: in <module>
    from .models import Media
Dihya/backend/django/app/routes/medias/models.py:9: in <module>
    class Media(models.Model):
Dihya/backend/django/app/routes/medias/models.py:15: in Media
    uploaded_by = models.ForeignKey(settings.AUTH_USER_MODEL, on_delete=models.SET_NULL, null=True, help_text=_('Utilisateur'))
/usr/local/python/3.12.1/lib/python3.12/site-packages/django/conf/__init__.py:81: in __getattr__
    self._setup(name)
/usr/local/python/3.12.1/lib/python3.12/site-packages/django/conf/__init__.py:61: in _setup
    raise ImproperlyConfigured(
E   django.core.exceptions.ImproperlyConfigured: Requested setting AUTH_USER_MODEL, but settings are not configured. You must either define the environment variable DJANGO_SETTINGS_MODULE or call settings.configure() before accessing settings.
_______ ERROR collecting Dihya/backend/django/app/routes/mobile/tests.py _______
Dihya/backend/django/app/routes/mobile/tests.py:7: in <module>
    from .models import MobileApp, Device, PushNotification
Dihya/backend/django/app/routes/mobile/models.py:9: in <module>
    class MobileApp(models.Model):
Dihya/backend/django/app/routes/mobile/models.py:15: in MobileApp
    cree_par = models.ForeignKey(settings.AUTH_USER_MODEL, on_delete=models.SET_NULL, null=True, help_text=_('Créateur'))
/usr/local/python/3.12.1/lib/python3.12/site-packages/django/conf/__init__.py:81: in __getattr__
    self._setup(name)
/usr/local/python/3.12.1/lib/python3.12/site-packages/django/conf/__init__.py:61: in _setup
    raise ImproperlyConfigured(
E   django.core.exceptions.ImproperlyConfigured: Requested setting AUTH_USER_MODEL, but settings are not configured. You must either define the environment variable DJANGO_SETTINGS_MODULE or call settings.configure() before accessing settings.
________ ERROR collecting Dihya/backend/django/app/routes/mode/tests.py ________
Dihya/backend/django/app/routes/mode/tests.py:7: in <module>
    from .models import Collection, Produit, Createur
Dihya/backend/django/app/routes/mode/models.py:9: in <module>
    class Collection(models.Model):
Dihya/backend/django/app/routes/mode/models.py:14: in Collection
    cree_par = models.ForeignKey(settings.AUTH_USER_MODEL, on_delete=models.SET_NULL, null=True, help_text=_('Créateur'))
/usr/local/python/3.12.1/lib/python3.12/site-packages/django/conf/__init__.py:81: in __getattr__
    self._setup(name)
/usr/local/python/3.12.1/lib/python3.12/site-packages/django/conf/__init__.py:61: in _setup
    raise ImproperlyConfigured(
E   django.core.exceptions.ImproperlyConfigured: Requested setting AUTH_USER_MODEL, but settings are not configured. You must either define the environment variable DJANGO_SETTINGS_MODULE or call settings.configure() before accessing settings.
______ ERROR collecting Dihya/backend/django/app/routes/preview/tests.py _______
Dihya/backend/django/app/routes/preview/tests.py:7: in <module>
    from .models import Preview
Dihya/backend/django/app/routes/preview/models.py:9: in <module>
    class Preview(models.Model):
Dihya/backend/django/app/routes/preview/models.py:14: in Preview
    cree_par = models.ForeignKey(settings.AUTH_USER_MODEL, on_delete=models.SET_NULL, null=True, help_text=_('Créateur'))
/usr/local/python/3.12.1/lib/python3.12/site-packages/django/conf/__init__.py:81: in __getattr__
    self._setup(name)
/usr/local/python/3.12.1/lib/python3.12/site-packages/django/conf/__init__.py:61: in _setup
    raise ImproperlyConfigured(
E   django.core.exceptions.ImproperlyConfigured: Requested setting AUTH_USER_MODEL, but settings are not configured. You must either define the environment variable DJANGO_SETTINGS_MODULE or call settings.configure() before accessing settings.
_____ ERROR collecting Dihya/backend/django/app/routes/publicite/tests.py ______
Dihya/backend/django/app/routes/publicite/tests.py:7: in <module>
    from .models import CampagnePublicitaire, AnalyticsPublicite
Dihya/backend/django/app/routes/publicite/models.py:9: in <module>
    class CampagnePublicitaire(models.Model):
Dihya/backend/django/app/routes/publicite/models.py:16: in CampagnePublicitaire
    cree_par = models.ForeignKey(settings.AUTH_USER_MODEL, on_delete=models.SET_NULL, null=True, help_text=_('Créateur'))
/usr/local/python/3.12.1/lib/python3.12/site-packages/django/conf/__init__.py:81: in __getattr__
    self._setup(name)
/usr/local/python/3.12.1/lib/python3.12/site-packages/django/conf/__init__.py:61: in _setup
    raise ImproperlyConfigured(
E   django.core.exceptions.ImproperlyConfigured: Requested setting AUTH_USER_MODEL, but settings are not configured. You must either define the environment variable DJANGO_SETTINGS_MODULE or call settings.configure() before accessing settings.
_____ ERROR collecting Dihya/backend/django/app/routes/recherche/tests.py ______
Dihya/backend/django/app/routes/recherche/tests.py:7: in <module>
    from .models import RequeteRecherche, ResultatRecherche
Dihya/backend/django/app/routes/recherche/models.py:9: in <module>
    class RequeteRecherche(models.Model):
Dihya/backend/django/app/routes/recherche/models.py:11: in RequeteRecherche
    utilisateur = models.ForeignKey(settings.AUTH_USER_MODEL, on_delete=models.SET_NULL, null=True, help_text=_('Utilisateur'))
/usr/local/python/3.12.1/lib/python3.12/site-packages/django/conf/__init__.py:81: in __getattr__
    self._setup(name)
/usr/local/python/3.12.1/lib/python3.12/site-packages/django/conf/__init__.py:61: in _setup
    raise ImproperlyConfigured(
E   django.core.exceptions.ImproperlyConfigured: Requested setting AUTH_USER_MODEL, but settings are not configured. You must either define the environment variable DJANGO_SETTINGS_MODULE or call settings.configure() before accessing settings.
_ ERROR collecting Dihya/backend/django/app/routes/ressources_humaines/tests.py _
Dihya/backend/django/app/routes/ressources_humaines/tests.py:7: in <module>
    from .models import Employe, Poste, Candidature
Dihya/backend/django/app/routes/ressources_humaines/models.py:9: in <module>
    class Employe(models.Model):
Dihya/backend/django/app/routes/ressources_humaines/models.py:15: in Employe
    manager = models.ForeignKey(settings.AUTH_USER_MODEL, on_delete=models.SET_NULL, null=True, help_text=_('Manager'))
/usr/local/python/3.12.1/lib/python3.12/site-packages/django/conf/__init__.py:81: in __getattr__
    self._setup(name)
/usr/local/python/3.12.1/lib/python3.12/site-packages/django/conf/__init__.py:61: in _setup
    raise ImproperlyConfigured(
E   django.core.exceptions.ImproperlyConfigured: Requested setting AUTH_USER_MODEL, but settings are not configured. You must either define the environment variable DJANGO_SETTINGS_MODULE or call settings.configure() before accessing settings.
____ ERROR collecting Dihya/backend/django/app/routes/restauration/tests.py ____
Dihya/backend/django/app/routes/restauration/tests.py:7: in <module>
    from .models import Restaurant, Menu, Reservation
Dihya/backend/django/app/routes/restauration/models.py:9: in <module>
    class Restaurant(models.Model):
Dihya/backend/django/app/routes/restauration/models.py:13: in Restaurant
    proprietaire = models.ForeignKey(settings.AUTH_USER_MODEL, on_delete=models.SET_NULL, null=True, help_text=_('Propriétaire'))
/usr/local/python/3.12.1/lib/python3.12/site-packages/django/conf/__init__.py:81: in __getattr__
    self._setup(name)
/usr/local/python/3.12.1/lib/python3.12/site-packages/django/conf/__init__.py:61: in _setup
    raise ImproperlyConfigured(
E   django.core.exceptions.ImproperlyConfigured: Requested setting AUTH_USER_MODEL, but settings are not configured. You must either define the environment variable DJANGO_SETTINGS_MODULE or call settings.configure() before accessing settings.
_______ ERROR collecting Dihya/backend/django/app/routes/sante/tests.py ________
Dihya/backend/django/app/routes/sante/tests.py:7: in <module>
    from .models import Patient, RendezVous, DossierMedical
Dihya/backend/django/app/routes/sante/models.py:9: in <module>
    class Patient(models.Model):
/usr/local/python/3.12.1/lib/python3.12/site-packages/django/db/models/base.py:131: in __new__
    app_config = apps.get_containing_app_config(module)
/usr/local/python/3.12.1/lib/python3.12/site-packages/django/apps/registry.py:260: in get_containing_app_config
    self.check_apps_ready()
/usr/local/python/3.12.1/lib/python3.12/site-packages/django/apps/registry.py:137: in check_apps_ready
    settings.INSTALLED_APPS
/usr/local/python/3.12.1/lib/python3.12/site-packages/django/conf/__init__.py:81: in __getattr__
    self._setup(name)
/usr/local/python/3.12.1/lib/python3.12/site-packages/django/conf/__init__.py:61: in _setup
    raise ImproperlyConfigured(
E   django.core.exceptions.ImproperlyConfigured: Requested setting INSTALLED_APPS, but settings are not configured. You must either define the environment variable DJANGO_SETTINGS_MODULE or call settings.configure() before accessing settings.
______ ERROR collecting Dihya/backend/django/app/routes/science/tests.py _______
Dihya/backend/django/app/routes/science/tests.py:7: in <module>
    from .models import ProjetScientifique, Publication, Chercheur
Dihya/backend/django/app/routes/science/models.py:9: in <module>
    class ProjetScientifique(models.Model):
Dihya/backend/django/app/routes/science/models.py:14: in ProjetScientifique
    responsable = models.ForeignKey(settings.AUTH_USER_MODEL, on_delete=models.SET_NULL, null=True, help_text=_('Responsable du projet'))
/usr/local/python/3.12.1/lib/python3.12/site-packages/django/conf/__init__.py:81: in __getattr__
    self._setup(name)
/usr/local/python/3.12.1/lib/python3.12/site-packages/django/conf/__init__.py:61: in _setup
    raise ImproperlyConfigured(
E   django.core.exceptions.ImproperlyConfigured: Requested setting AUTH_USER_MODEL, but settings are not configured. You must either define the environment variable DJANGO_SETTINGS_MODULE or call settings.configure() before accessing settings.
______ ERROR collecting Dihya/backend/django/app/routes/securite/tests.py ______
Dihya/backend/django/app/routes/securite/tests.py:7: in <module>
    from .models import IncidentSecurite, AlerteSecurite, ControleSecurite
Dihya/backend/django/app/routes/securite/models.py:9: in <module>
    class IncidentSecurite(models.Model):
Dihya/backend/django/app/routes/securite/models.py:14: in IncidentSecurite
    signale_par = models.ForeignKey(settings.AUTH_USER_MODEL, on_delete=models.SET_NULL, null=True, help_text=_('Utilisateur ayant signalé'))
/usr/local/python/3.12.1/lib/python3.12/site-packages/django/conf/__init__.py:81: in __getattr__
    self._setup(name)
/usr/local/python/3.12.1/lib/python3.12/site-packages/django/conf/__init__.py:61: in _setup
    raise ImproperlyConfigured(
E   django.core.exceptions.ImproperlyConfigured: Requested setting AUTH_USER_MODEL, but settings are not configured. You must either define the environment variable DJANGO_SETTINGS_MODULE or call settings.configure() before accessing settings.
________ ERROR collecting Dihya/backend/django/app/routes/seo/tests.py _________
Dihya/backend/django/app/routes/seo/tests.py:7: in <module>
    from .models import PageSEO, AuditSEO
Dihya/backend/django/app/routes/seo/models.py:11: in <module>
    User = get_user_model()
/usr/local/python/3.12.1/lib/python3.12/site-packages/django/contrib/auth/__init__.py:283: in get_user_model
    return django_apps.get_model(settings.AUTH_USER_MODEL, require_ready=False)
/usr/local/python/3.12.1/lib/python3.12/site-packages/django/conf/__init__.py:81: in __getattr__
    self._setup(name)
/usr/local/python/3.12.1/lib/python3.12/site-packages/django/conf/__init__.py:61: in _setup
    raise ImproperlyConfigured(
E   django.core.exceptions.ImproperlyConfigured: Requested setting AUTH_USER_MODEL, but settings are not configured. You must either define the environment variable DJANGO_SETTINGS_MODULE or call settings.configure() before accessing settings.
_ ERROR collecting Dihya/backend/django/app/routes/services_personne/tests/test_api.py _
Dihya/backend/django/app/routes/services_personne/tests/test_api.py:5: in <module>
    from rest_framework.test import APITestCase
/usr/local/python/3.12.1/lib/python3.12/site-packages/rest_framework/test.py:138: in <module>
    class APIRequestFactory(DjangoRequestFactory):
/usr/local/python/3.12.1/lib/python3.12/site-packages/rest_framework/test.py:139: in APIRequestFactory
    renderer_classes_list = api_settings.TEST_REQUEST_RENDERER_CLASSES
/usr/local/python/3.12.1/lib/python3.12/site-packages/rest_framework/settings.py:220: in __getattr__
    val = self.user_settings[attr]
/usr/local/python/3.12.1/lib/python3.12/site-packages/rest_framework/settings.py:211: in user_settings
    self._user_settings = getattr(settings, 'REST_FRAMEWORK', {})
/usr/local/python/3.12.1/lib/python3.12/site-packages/django/conf/__init__.py:81: in __getattr__
    self._setup(name)
/usr/local/python/3.12.1/lib/python3.12/site-packages/django/conf/__init__.py:61: in _setup
    raise ImproperlyConfigured(
E   django.core.exceptions.ImproperlyConfigured: Requested setting REST_FRAMEWORK, but settings are not configured. You must either define the environment variable DJANGO_SETTINGS_MODULE or call settings.configure() before accessing settings.
_ ERROR collecting Dihya/backend/django/app/routes/services_personne/tests.py __
Dihya/backend/django/app/routes/services_personne/tests.py:6: in <module>
    from .models import Beneficiaire, Intervenant, Prestation
Dihya/backend/django/app/routes/services_personne/models.py:9: in <module>
    class Beneficiaire(models.Model):
/usr/local/python/3.12.1/lib/python3.12/site-packages/django/db/models/base.py:131: in __new__
    app_config = apps.get_containing_app_config(module)
/usr/local/python/3.12.1/lib/python3.12/site-packages/django/apps/registry.py:260: in get_containing_app_config
    self.check_apps_ready()
/usr/local/python/3.12.1/lib/python3.12/site-packages/django/apps/registry.py:137: in check_apps_ready
    settings.INSTALLED_APPS
/usr/local/python/3.12.1/lib/python3.12/site-packages/django/conf/__init__.py:81: in __getattr__
    self._setup(name)
/usr/local/python/3.12.1/lib/python3.12/site-packages/django/conf/__init__.py:61: in _setup
    raise ImproperlyConfigured(
E   django.core.exceptions.ImproperlyConfigured: Requested setting INSTALLED_APPS, but settings are not configured. You must either define the environment variable DJANGO_SETTINGS_MODULE or call settings.configure() before accessing settings.
__ ERROR collecting Dihya/backend/django/app/routes/social/tests/test_api.py ___
Dihya/backend/django/app/routes/social/tests/test_api.py:5: in <module>
    from rest_framework.test import APITestCase
/usr/local/python/3.12.1/lib/python3.12/site-packages/rest_framework/test.py:138: in <module>
    class APIRequestFactory(DjangoRequestFactory):
/usr/local/python/3.12.1/lib/python3.12/site-packages/rest_framework/test.py:139: in APIRequestFactory
    renderer_classes_list = api_settings.TEST_REQUEST_RENDERER_CLASSES
/usr/local/python/3.12.1/lib/python3.12/site-packages/rest_framework/settings.py:220: in __getattr__
    val = self.user_settings[attr]
/usr/local/python/3.12.1/lib/python3.12/site-packages/rest_framework/settings.py:211: in user_settings
    self._user_settings = getattr(settings, 'REST_FRAMEWORK', {})
/usr/local/python/3.12.1/lib/python3.12/site-packages/django/conf/__init__.py:81: in __getattr__
    self._setup(name)
/usr/local/python/3.12.1/lib/python3.12/site-packages/django/conf/__init__.py:61: in _setup
    raise ImproperlyConfigured(
E   django.core.exceptions.ImproperlyConfigured: Requested setting REST_FRAMEWORK, but settings are not configured. You must either define the environment variable DJANGO_SETTINGS_MODULE or call settings.configure() before accessing settings.
_______ ERROR collecting Dihya/backend/django/app/routes/social/tests.py _______
import file mismatch:
imported module 'tests' has this __file__ attribute:
  /workspaces/Dihya/Dihya/backend/db/tests
which is not the same as the test file we want to collect:
  /workspaces/Dihya/Dihya/backend/django/app/routes/social/tests.py
HINT: remove __pycache__ / .pyc files and/or use a unique basename for your test file modules
___ ERROR collecting Dihya/backend/django/app/routes/sport/tests/test_api.py ___
Dihya/backend/django/app/routes/sport/tests/test_api.py:5: in <module>
    from rest_framework.test import APITestCase
/usr/local/python/3.12.1/lib/python3.12/site-packages/rest_framework/test.py:138: in <module>
    class APIRequestFactory(DjangoRequestFactory):
/usr/local/python/3.12.1/lib/python3.12/site-packages/rest_framework/test.py:139: in APIRequestFactory
    renderer_classes_list = api_settings.TEST_REQUEST_RENDERER_CLASSES
/usr/local/python/3.12.1/lib/python3.12/site-packages/rest_framework/settings.py:220: in __getattr__
    val = self.user_settings[attr]
/usr/local/python/3.12.1/lib/python3.12/site-packages/rest_framework/settings.py:211: in user_settings
    self._user_settings = getattr(settings, 'REST_FRAMEWORK', {})
/usr/local/python/3.12.1/lib/python3.12/site-packages/django/conf/__init__.py:81: in __getattr__
    self._setup(name)
/usr/local/python/3.12.1/lib/python3.12/site-packages/django/conf/__init__.py:61: in _setup
    raise ImproperlyConfigured(
E   django.core.exceptions.ImproperlyConfigured: Requested setting REST_FRAMEWORK, but settings are not configured. You must either define the environment variable DJANGO_SETTINGS_MODULE or call settings.configure() before accessing settings.
_______ ERROR collecting Dihya/backend/django/app/routes/sport/tests.py ________
import file mismatch:
imported module 'tests' has this __file__ attribute:
  /workspaces/Dihya/Dihya/backend/db/tests
which is not the same as the test file we want to collect:
  /workspaces/Dihya/Dihya/backend/django/app/routes/sport/tests.py
HINT: remove __pycache__ / .pyc files and/or use a unique basename for your test file modules
_ ERROR collecting Dihya/backend/django/app/routes/tourisme/tests/test_api.py __
Dihya/backend/django/app/routes/tourisme/tests/test_api.py:5: in <module>
    from rest_framework.test import APITestCase
/usr/local/python/3.12.1/lib/python3.12/site-packages/rest_framework/test.py:138: in <module>
    class APIRequestFactory(DjangoRequestFactory):
/usr/local/python/3.12.1/lib/python3.12/site-packages/rest_framework/test.py:139: in APIRequestFactory
    renderer_classes_list = api_settings.TEST_REQUEST_RENDERER_CLASSES
/usr/local/python/3.12.1/lib/python3.12/site-packages/rest_framework/settings.py:220: in __getattr__
    val = self.user_settings[attr]
/usr/local/python/3.12.1/lib/python3.12/site-packages/rest_framework/settings.py:211: in user_settings
    self._user_settings = getattr(settings, 'REST_FRAMEWORK', {})
/usr/local/python/3.12.1/lib/python3.12/site-packages/django/conf/__init__.py:81: in __getattr__
    self._setup(name)
/usr/local/python/3.12.1/lib/python3.12/site-packages/django/conf/__init__.py:61: in _setup
    raise ImproperlyConfigured(
E   django.core.exceptions.ImproperlyConfigured: Requested setting REST_FRAMEWORK, but settings are not configured. You must either define the environment variable DJANGO_SETTINGS_MODULE or call settings.configure() before accessing settings.
______ ERROR collecting Dihya/backend/django/app/routes/tourisme/tests.py ______
import file mismatch:
imported module 'tests' has this __file__ attribute:
  /workspaces/Dihya/Dihya/backend/db/tests
which is not the same as the test file we want to collect:
  /workspaces/Dihya/Dihya/backend/django/app/routes/tourisme/tests.py
HINT: remove __pycache__ / .pyc files and/or use a unique basename for your test file modules
_ ERROR collecting Dihya/backend/django/app/routes/transport/tests/test_api.py _
Dihya/backend/django/app/routes/transport/tests/test_api.py:5: in <module>
    from rest_framework.test import APITestCase
/usr/local/python/3.12.1/lib/python3.12/site-packages/rest_framework/test.py:138: in <module>
    class APIRequestFactory(DjangoRequestFactory):
/usr/local/python/3.12.1/lib/python3.12/site-packages/rest_framework/test.py:139: in APIRequestFactory
    renderer_classes_list = api_settings.TEST_REQUEST_RENDERER_CLASSES
/usr/local/python/3.12.1/lib/python3.12/site-packages/rest_framework/settings.py:220: in __getattr__
    val = self.user_settings[attr]
/usr/local/python/3.12.1/lib/python3.12/site-packages/rest_framework/settings.py:211: in user_settings
    self._user_settings = getattr(settings, 'REST_FRAMEWORK', {})
/usr/local/python/3.12.1/lib/python3.12/site-packages/django/conf/__init__.py:81: in __getattr__
    self._setup(name)
/usr/local/python/3.12.1/lib/python3.12/site-packages/django/conf/__init__.py:61: in _setup
    raise ImproperlyConfigured(
E   django.core.exceptions.ImproperlyConfigured: Requested setting REST_FRAMEWORK, but settings are not configured. You must either define the environment variable DJANGO_SETTINGS_MODULE or call settings.configure() before accessing settings.
_____ ERROR collecting Dihya/backend/django/app/routes/transport/tests.py ______
Dihya/backend/django/app/routes/transport/tests.py:4: in <module>
    from rest_framework.test import APIClient
/usr/local/python/3.12.1/lib/python3.12/site-packages/rest_framework/test.py:138: in <module>
    class APIRequestFactory(DjangoRequestFactory):
/usr/local/python/3.12.1/lib/python3.12/site-packages/rest_framework/test.py:139: in APIRequestFactory
    renderer_classes_list = api_settings.TEST_REQUEST_RENDERER_CLASSES
/usr/local/python/3.12.1/lib/python3.12/site-packages/rest_framework/settings.py:220: in __getattr__
    val = self.user_settings[attr]
/usr/local/python/3.12.1/lib/python3.12/site-packages/rest_framework/settings.py:211: in user_settings
    self._user_settings = getattr(settings, 'REST_FRAMEWORK', {})
/usr/local/python/3.12.1/lib/python3.12/site-packages/django/conf/__init__.py:81: in __getattr__
    self._setup(name)
/usr/local/python/3.12.1/lib/python3.12/site-packages/django/conf/__init__.py:61: in _setup
    raise ImproperlyConfigured(
E   django.core.exceptions.ImproperlyConfigured: Requested setting REST_FRAMEWORK, but settings are not configured. You must either define the environment variable DJANGO_SETTINGS_MODULE or call settings.configure() before accessing settings.
_______ ERROR collecting Dihya/backend/django/app/routes/utils/tests.py ________
import file mismatch:
imported module 'tests' has this __file__ attribute:
  /workspaces/Dihya/Dihya/backend/db/tests
which is not the same as the test file we want to collect:
  /workspaces/Dihya/Dihya/backend/django/app/routes/utils/tests.py
HINT: remove __pycache__ / .pyc files and/or use a unique basename for your test file modules
_____ ERROR collecting Dihya/backend/django/app/routes/validators/tests.py _____
import file mismatch:
imported module 'tests' has this __file__ attribute:
  /workspaces/Dihya/Dihya/backend/db/tests
which is not the same as the test file we want to collect:
  /workspaces/Dihya/Dihya/backend/django/app/routes/validators/tests.py
HINT: remove __pycache__ / .pyc files and/or use a unique basename for your test file modules
_ ERROR collecting Dihya/backend/django/app/routes/voice/tests/test_accessibilite.py _
Dihya/backend/django/app/routes/voice/tests/test_accessibilite.py:5: in <module>
    from rest_framework.test import APIClient
/usr/local/python/3.12.1/lib/python3.12/site-packages/rest_framework/test.py:138: in <module>
    class APIRequestFactory(DjangoRequestFactory):
/usr/local/python/3.12.1/lib/python3.12/site-packages/rest_framework/test.py:139: in APIRequestFactory
    renderer_classes_list = api_settings.TEST_REQUEST_RENDERER_CLASSES
/usr/local/python/3.12.1/lib/python3.12/site-packages/rest_framework/settings.py:220: in __getattr__
    val = self.user_settings[attr]
/usr/local/python/3.12.1/lib/python3.12/site-packages/rest_framework/settings.py:211: in user_settings
    self._user_settings = getattr(settings, 'REST_FRAMEWORK', {})
/usr/local/python/3.12.1/lib/python3.12/site-packages/django/conf/__init__.py:81: in __getattr__
    self._setup(name)
/usr/local/python/3.12.1/lib/python3.12/site-packages/django/conf/__init__.py:61: in _setup
    raise ImproperlyConfigured(
E   django.core.exceptions.ImproperlyConfigured: Requested setting REST_FRAMEWORK, but settings are not configured. You must either define the environment variable DJANGO_SETTINGS_MODULE or call settings.configure() before accessing settings.
___ ERROR collecting Dihya/backend/django/app/routes/voice/tests/test_e2e.py ___
Dihya/backend/django/app/routes/voice/tests/test_e2e.py:5: in <module>
    from rest_framework.test import APIClient
/usr/local/python/3.12.1/lib/python3.12/site-packages/rest_framework/test.py:138: in <module>
    class APIRequestFactory(DjangoRequestFactory):
/usr/local/python/3.12.1/lib/python3.12/site-packages/rest_framework/test.py:139: in APIRequestFactory
    renderer_classes_list = api_settings.TEST_REQUEST_RENDERER_CLASSES
/usr/local/python/3.12.1/lib/python3.12/site-packages/rest_framework/settings.py:220: in __getattr__
    val = self.user_settings[attr]
/usr/local/python/3.12.1/lib/python3.12/site-packages/rest_framework/settings.py:211: in user_settings
    self._user_settings = getattr(settings, 'REST_FRAMEWORK', {})
/usr/local/python/3.12.1/lib/python3.12/site-packages/django/conf/__init__.py:81: in __getattr__
    self._setup(name)
/usr/local/python/3.12.1/lib/python3.12/site-packages/django/conf/__init__.py:61: in _setup
    raise ImproperlyConfigured(
E   django.core.exceptions.ImproperlyConfigured: Requested setting REST_FRAMEWORK, but settings are not configured. You must either define the environment variable DJANGO_SETTINGS_MODULE or call settings.configure() before accessing settings.
_ ERROR collecting Dihya/backend/django/app/routes/voice/tests/test_integration.py _
Dihya/backend/django/app/routes/voice/tests/test_integration.py:5: in <module>
    from rest_framework.test import APIClient
/usr/local/python/3.12.1/lib/python3.12/site-packages/rest_framework/test.py:138: in <module>
    class APIRequestFactory(DjangoRequestFactory):
/usr/local/python/3.12.1/lib/python3.12/site-packages/rest_framework/test.py:139: in APIRequestFactory
    renderer_classes_list = api_settings.TEST_REQUEST_RENDERER_CLASSES
/usr/local/python/3.12.1/lib/python3.12/site-packages/rest_framework/settings.py:220: in __getattr__
    val = self.user_settings[attr]
/usr/local/python/3.12.1/lib/python3.12/site-packages/rest_framework/settings.py:211: in user_settings
    self._user_settings = getattr(settings, 'REST_FRAMEWORK', {})
/usr/local/python/3.12.1/lib/python3.12/site-packages/django/conf/__init__.py:81: in __getattr__
    self._setup(name)
/usr/local/python/3.12.1/lib/python3.12/site-packages/django/conf/__init__.py:61: in _setup
    raise ImproperlyConfigured(
E   django.core.exceptions.ImproperlyConfigured: Requested setting REST_FRAMEWORK, but settings are not configured. You must either define the environment variable DJANGO_SETTINGS_MODULE or call settings.configure() before accessing settings.
_ ERROR collecting Dihya/backend/django/app/routes/voice/tests/test_performance.py _
Dihya/backend/django/app/routes/voice/tests/test_performance.py:6: in <module>
    from rest_framework.test import APIClient
/usr/local/python/3.12.1/lib/python3.12/site-packages/rest_framework/test.py:138: in <module>
    class APIRequestFactory(DjangoRequestFactory):
/usr/local/python/3.12.1/lib/python3.12/site-packages/rest_framework/test.py:139: in APIRequestFactory
    renderer_classes_list = api_settings.TEST_REQUEST_RENDERER_CLASSES
/usr/local/python/3.12.1/lib/python3.12/site-packages/rest_framework/settings.py:220: in __getattr__
    val = self.user_settings[attr]
/usr/local/python/3.12.1/lib/python3.12/site-packages/rest_framework/settings.py:211: in user_settings
    self._user_settings = getattr(settings, 'REST_FRAMEWORK', {})
/usr/local/python/3.12.1/lib/python3.12/site-packages/django/conf/__init__.py:81: in __getattr__
    self._setup(name)
/usr/local/python/3.12.1/lib/python3.12/site-packages/django/conf/__init__.py:61: in _setup
    raise ImproperlyConfigured(
E   django.core.exceptions.ImproperlyConfigured: Requested setting REST_FRAMEWORK, but settings are not configured. You must either define the environment variable DJANGO_SETTINGS_MODULE or call settings.configure() before accessing settings.
_ ERROR collecting Dihya/backend/django/app/routes/voice/tests/test_plugin.py __
ImportError while importing test module '/workspaces/Dihya/Dihya/backend/django/app/routes/voice/tests/test_plugin.py'.
Hint: make sure your test modules/packages have valid Python names.
Traceback:
/usr/local/python/3.12.1/lib/python3.12/importlib/__init__.py:90: in import_module
    return _bootstrap._gcd_import(name[level:], package, level)
Dihya/backend/django/app/routes/voice/tests/test_plugin.py:4: in <module>
    from ..plugins import analyse_sentiment
E   ImportError: attempted relative import with no known parent package
_______ ERROR collecting Dihya/backend/django/app/routes/voice/tests.py ________
/usr/local/python/3.12.1/lib/python3.12/site-packages/pytest_asyncio/plugin.py:754: in _patched_collect
    module = collector.obj
/usr/local/python/3.12.1/lib/python3.12/site-packages/_pytest/python.py:284: in obj
    self._obj = obj = self._getobj()
/usr/local/python/3.12.1/lib/python3.12/site-packages/_pytest/python.py:546: in _getobj
    return importtestmodule(self.path, self.config)
/usr/local/python/3.12.1/lib/python3.12/site-packages/_pytest/python.py:493: in importtestmodule
    mod = import_path(
/usr/local/python/3.12.1/lib/python3.12/site-packages/_pytest/pathlib.py:587: in import_path
    importlib.import_module(module_name)
/usr/local/python/3.12.1/lib/python3.12/importlib/__init__.py:90: in import_module
    return _bootstrap._gcd_import(name[level:], package, level)
<frozen importlib._bootstrap>:1387: in _gcd_import
    ???
<frozen importlib._bootstrap>:1360: in _find_and_load
    ???
<frozen importlib._bootstrap>:1310: in _find_and_load_unlocked
    ???
<frozen importlib._bootstrap>:488: in _call_with_frames_removed
    ???
<frozen importlib._bootstrap>:1387: in _gcd_import
    ???
<frozen importlib._bootstrap>:1360: in _find_and_load
    ???
<frozen importlib._bootstrap>:1331: in _find_and_load_unlocked
    ???
<frozen importlib._bootstrap>:935: in _load_unlocked
    ???
<frozen importlib._bootstrap_external>:994: in exec_module
    ???
<frozen importlib._bootstrap>:488: in _call_with_frames_removed
    ???
Dihya/backend/django/app/routes/voice/__init__.py:5: in <module>
    from .models import *
Dihya/backend/django/app/routes/voice/models.py:8: in <module>
    class AudioFile(models.Model):
/usr/local/python/3.12.1/lib/python3.12/site-packages/django/db/models/base.py:131: in __new__
    app_config = apps.get_containing_app_config(module)
/usr/local/python/3.12.1/lib/python3.12/site-packages/django/apps/registry.py:260: in get_containing_app_config
    self.check_apps_ready()
/usr/local/python/3.12.1/lib/python3.12/site-packages/django/apps/registry.py:137: in check_apps_ready
    settings.INSTALLED_APPS
/usr/local/python/3.12.1/lib/python3.12/site-packages/django/conf/__init__.py:81: in __getattr__
    self._setup(name)
/usr/local/python/3.12.1/lib/python3.12/site-packages/django/conf/__init__.py:61: in _setup
    raise ImproperlyConfigured(
E   django.core.exceptions.ImproperlyConfigured: Requested setting INSTALLED_APPS, but settings are not configured. You must either define the environment variable DJANGO_SETTINGS_MODULE or call settings.configure() before accessing settings.
_ ERROR collecting Dihya/backend/django/app/routes/voyage/tests/test_accessibilite.py _
Dihya/backend/django/app/routes/voyage/tests/test_accessibilite.py:5: in <module>
    from rest_framework.test import APIClient
/usr/local/python/3.12.1/lib/python3.12/site-packages/rest_framework/test.py:138: in <module>
    class APIRequestFactory(DjangoRequestFactory):
/usr/local/python/3.12.1/lib/python3.12/site-packages/rest_framework/test.py:139: in APIRequestFactory
    renderer_classes_list = api_settings.TEST_REQUEST_RENDERER_CLASSES
/usr/local/python/3.12.1/lib/python3.12/site-packages/rest_framework/settings.py:220: in __getattr__
    val = self.user_settings[attr]
/usr/local/python/3.12.1/lib/python3.12/site-packages/rest_framework/settings.py:211: in user_settings
    self._user_settings = getattr(settings, 'REST_FRAMEWORK', {})
/usr/local/python/3.12.1/lib/python3.12/site-packages/django/conf/__init__.py:81: in __getattr__
    self._setup(name)
/usr/local/python/3.12.1/lib/python3.12/site-packages/django/conf/__init__.py:61: in _setup
    raise ImproperlyConfigured(
E   django.core.exceptions.ImproperlyConfigured: Requested setting REST_FRAMEWORK, but settings are not configured. You must either define the environment variable DJANGO_SETTINGS_MODULE or call settings.configure() before accessing settings.
_ ERROR collecting Dihya/backend/django/app/routes/voyage/tests/test_cancel_reservation.py _
Dihya/backend/django/app/routes/voyage/tests/test_cancel_reservation.py:3: in <module>
    from rest_framework.test import APIClient
/usr/local/python/3.12.1/lib/python3.12/site-packages/rest_framework/test.py:138: in <module>
    class APIRequestFactory(DjangoRequestFactory):
/usr/local/python/3.12.1/lib/python3.12/site-packages/rest_framework/test.py:139: in APIRequestFactory
    renderer_classes_list = api_settings.TEST_REQUEST_RENDERER_CLASSES
/usr/local/python/3.12.1/lib/python3.12/site-packages/rest_framework/settings.py:220: in __getattr__
    val = self.user_settings[attr]
/usr/local/python/3.12.1/lib/python3.12/site-packages/rest_framework/settings.py:211: in user_settings
    self._user_settings = getattr(settings, 'REST_FRAMEWORK', {})
/usr/local/python/3.12.1/lib/python3.12/site-packages/django/conf/__init__.py:81: in __getattr__
    self._setup(name)
/usr/local/python/3.12.1/lib/python3.12/site-packages/django/conf/__init__.py:61: in _setup
    raise ImproperlyConfigured(
E   django.core.exceptions.ImproperlyConfigured: Requested setting REST_FRAMEWORK, but settings are not configured. You must either define the environment variable DJANGO_SETTINGS_MODULE or call settings.configure() before accessing settings.
_ ERROR collecting Dihya/backend/django/app/routes/voyage/tests/test_create_reservation.py _
Dihya/backend/django/app/routes/voyage/tests/test_create_reservation.py:3: in <module>
    from rest_framework.test import APIClient
/usr/local/python/3.12.1/lib/python3.12/site-packages/rest_framework/test.py:138: in <module>
    class APIRequestFactory(DjangoRequestFactory):
/usr/local/python/3.12.1/lib/python3.12/site-packages/rest_framework/test.py:139: in APIRequestFactory
    renderer_classes_list = api_settings.TEST_REQUEST_RENDERER_CLASSES
/usr/local/python/3.12.1/lib/python3.12/site-packages/rest_framework/settings.py:220: in __getattr__
    val = self.user_settings[attr]
/usr/local/python/3.12.1/lib/python3.12/site-packages/rest_framework/settings.py:211: in user_settings
    self._user_settings = getattr(settings, 'REST_FRAMEWORK', {})
/usr/local/python/3.12.1/lib/python3.12/site-packages/django/conf/__init__.py:81: in __getattr__
    self._setup(name)
/usr/local/python/3.12.1/lib/python3.12/site-packages/django/conf/__init__.py:61: in _setup
    raise ImproperlyConfigured(
E   django.core.exceptions.ImproperlyConfigured: Requested setting REST_FRAMEWORK, but settings are not configured. You must either define the environment variable DJANGO_SETTINGS_MODULE or call settings.configure() before accessing settings.
__ ERROR collecting Dihya/backend/django/app/routes/voyage/tests/test_e2e.py ___
Dihya/backend/django/app/routes/voyage/tests/test_e2e.py:3: in <module>
    from rest_framework.test import APIClient
/usr/local/python/3.12.1/lib/python3.12/site-packages/rest_framework/test.py:138: in <module>
    class APIRequestFactory(DjangoRequestFactory):
/usr/local/python/3.12.1/lib/python3.12/site-packages/rest_framework/test.py:139: in APIRequestFactory
    renderer_classes_list = api_settings.TEST_REQUEST_RENDERER_CLASSES
/usr/local/python/3.12.1/lib/python3.12/site-packages/rest_framework/settings.py:220: in __getattr__
    val = self.user_settings[attr]
/usr/local/python/3.12.1/lib/python3.12/site-packages/rest_framework/settings.py:211: in user_settings
    self._user_settings = getattr(settings, 'REST_FRAMEWORK', {})
/usr/local/python/3.12.1/lib/python3.12/site-packages/django/conf/__init__.py:81: in __getattr__
    self._setup(name)
/usr/local/python/3.12.1/lib/python3.12/site-packages/django/conf/__init__.py:61: in _setup
    raise ImproperlyConfigured(
E   django.core.exceptions.ImproperlyConfigured: Requested setting REST_FRAMEWORK, but settings are not configured. You must either define the environment variable DJANGO_SETTINGS_MODULE or call settings.configure() before accessing settings.
_ ERROR collecting Dihya/backend/django/app/routes/voyage/tests/test_integration.py _
Dihya/backend/django/app/routes/voyage/tests/test_integration.py:6: in <module>
    from rest_framework.test import APIClient
/usr/local/python/3.12.1/lib/python3.12/site-packages/rest_framework/test.py:138: in <module>
    class APIRequestFactory(DjangoRequestFactory):
/usr/local/python/3.12.1/lib/python3.12/site-packages/rest_framework/test.py:139: in APIRequestFactory
    renderer_classes_list = api_settings.TEST_REQUEST_RENDERER_CLASSES
/usr/local/python/3.12.1/lib/python3.12/site-packages/rest_framework/settings.py:220: in __getattr__
    val = self.user_settings[attr]
/usr/local/python/3.12.1/lib/python3.12/site-packages/rest_framework/settings.py:211: in user_settings
    self._user_settings = getattr(settings, 'REST_FRAMEWORK', {})
/usr/local/python/3.12.1/lib/python3.12/site-packages/django/conf/__init__.py:81: in __getattr__
    self._setup(name)
/usr/local/python/3.12.1/lib/python3.12/site-packages/django/conf/__init__.py:61: in _setup
    raise ImproperlyConfigured(
E   django.core.exceptions.ImproperlyConfigured: Requested setting REST_FRAMEWORK, but settings are not configured. You must either define the environment variable DJANGO_SETTINGS_MODULE or call settings.configure() before accessing settings.
_ ERROR collecting Dihya/backend/django/app/routes/voyage/tests/test_performance.py _
Dihya/backend/django/app/routes/voyage/tests/test_performance.py:4: in <module>
    from rest_framework.test import APIClient
/usr/local/python/3.12.1/lib/python3.12/site-packages/rest_framework/test.py:138: in <module>
    class APIRequestFactory(DjangoRequestFactory):
/usr/local/python/3.12.1/lib/python3.12/site-packages/rest_framework/test.py:139: in APIRequestFactory
    renderer_classes_list = api_settings.TEST_REQUEST_RENDERER_CLASSES
/usr/local/python/3.12.1/lib/python3.12/site-packages/rest_framework/settings.py:220: in __getattr__
    val = self.user_settings[attr]
/usr/local/python/3.12.1/lib/python3.12/site-packages/rest_framework/settings.py:211: in user_settings
    self._user_settings = getattr(settings, 'REST_FRAMEWORK', {})
/usr/local/python/3.12.1/lib/python3.12/site-packages/django/conf/__init__.py:81: in __getattr__
    self._setup(name)
/usr/local/python/3.12.1/lib/python3.12/site-packages/django/conf/__init__.py:61: in _setup
    raise ImproperlyConfigured(
E   django.core.exceptions.ImproperlyConfigured: Requested setting REST_FRAMEWORK, but settings are not configured. You must either define the environment variable DJANGO_SETTINGS_MODULE or call settings.configure() before accessing settings.
_ ERROR collecting Dihya/backend/django/app/routes/voyage/tests/test_permissions.py _
Dihya/backend/django/app/routes/voyage/tests/test_permissions.py:3: in <module>
    from rest_framework.test import APIClient
/usr/local/python/3.12.1/lib/python3.12/site-packages/rest_framework/test.py:138: in <module>
    class APIRequestFactory(DjangoRequestFactory):
/usr/local/python/3.12.1/lib/python3.12/site-packages/rest_framework/test.py:139: in APIRequestFactory
    renderer_classes_list = api_settings.TEST_REQUEST_RENDERER_CLASSES
/usr/local/python/3.12.1/lib/python3.12/site-packages/rest_framework/settings.py:220: in __getattr__
    val = self.user_settings[attr]
/usr/local/python/3.12.1/lib/python3.12/site-packages/rest_framework/settings.py:211: in user_settings
    self._user_settings = getattr(settings, 'REST_FRAMEWORK', {})
/usr/local/python/3.12.1/lib/python3.12/site-packages/django/conf/__init__.py:81: in __getattr__
    self._setup(name)
/usr/local/python/3.12.1/lib/python3.12/site-packages/django/conf/__init__.py:61: in _setup
    raise ImproperlyConfigured(
E   django.core.exceptions.ImproperlyConfigured: Requested setting REST_FRAMEWORK, but settings are not configured. You must either define the environment variable DJANGO_SETTINGS_MODULE or call settings.configure() before accessing settings.
_ ERROR collecting Dihya/backend/django/app/routes/voyage/tests/test_plugin.py _
ImportError while importing test module '/workspaces/Dihya/Dihya/backend/django/app/routes/voyage/tests/test_plugin.py'.
Hint: make sure your test modules/packages have valid Python names.
Traceback:
/usr/local/python/3.12.1/lib/python3.12/importlib/__init__.py:90: in import_module
    return _bootstrap._gcd_import(name[level:], package, level)
Dihya/backend/django/app/routes/voyage/tests/test_plugin.py:4: in <module>
    from ..plugins import suggere_itineraire
E   ImportError: attempted relative import with no known parent package
__ ERROR collecting Dihya/backend/django/app/routes/voyage/tests/test_rgpd.py __
Dihya/backend/django/app/routes/voyage/tests/test_rgpd.py:3: in <module>
    from rest_framework.test import APIClient
/usr/local/python/3.12.1/lib/python3.12/site-packages/rest_framework/test.py:138: in <module>
    class APIRequestFactory(DjangoRequestFactory):
/usr/local/python/3.12.1/lib/python3.12/site-packages/rest_framework/test.py:139: in APIRequestFactory
    renderer_classes_list = api_settings.TEST_REQUEST_RENDERER_CLASSES
/usr/local/python/3.12.1/lib/python3.12/site-packages/rest_framework/settings.py:220: in __getattr__
    val = self.user_settings[attr]
/usr/local/python/3.12.1/lib/python3.12/site-packages/rest_framework/settings.py:211: in user_settings
    self._user_settings = getattr(settings, 'REST_FRAMEWORK', {})
/usr/local/python/3.12.1/lib/python3.12/site-packages/django/conf/__init__.py:81: in __getattr__
    self._setup(name)
/usr/local/python/3.12.1/lib/python3.12/site-packages/django/conf/__init__.py:61: in _setup
    raise ImproperlyConfigured(
E   django.core.exceptions.ImproperlyConfigured: Requested setting REST_FRAMEWORK, but settings are not configured. You must either define the environment variable DJANGO_SETTINGS_MODULE or call settings.configure() before accessing settings.
_ ERROR collecting Dihya/backend/django/app/routes/vr_ar/tests/test_accessibilite.py _
Dihya/backend/django/app/routes/vr_ar/tests/test_accessibilite.py:5: in <module>
    from rest_framework.test import APIClient
/usr/local/python/3.12.1/lib/python3.12/site-packages/rest_framework/test.py:138: in <module>
    class APIRequestFactory(DjangoRequestFactory):
/usr/local/python/3.12.1/lib/python3.12/site-packages/rest_framework/test.py:139: in APIRequestFactory
    renderer_classes_list = api_settings.TEST_REQUEST_RENDERER_CLASSES
/usr/local/python/3.12.1/lib/python3.12/site-packages/rest_framework/settings.py:220: in __getattr__
    val = self.user_settings[attr]
/usr/local/python/3.12.1/lib/python3.12/site-packages/rest_framework/settings.py:211: in user_settings
    self._user_settings = getattr(settings, 'REST_FRAMEWORK', {})
/usr/local/python/3.12.1/lib/python3.12/site-packages/django/conf/__init__.py:81: in __getattr__
    self._setup(name)
/usr/local/python/3.12.1/lib/python3.12/site-packages/django/conf/__init__.py:61: in _setup
    raise ImproperlyConfigured(
[...]
ERROR Dihya/backend/django/app/routes/securite/tests.py - django.core.excepti...
ERROR Dihya/backend/django/app/routes/seo/tests.py - django.core.exceptions.I...
ERROR Dihya/backend/django/app/routes/services_personne/tests/test_api.py - d...
ERROR Dihya/backend/django/app/routes/services_personne/tests.py - django.cor...
ERROR Dihya/backend/django/app/routes/social/tests/test_api.py - django.core....
ERROR Dihya/backend/django/app/routes/social/tests.py
ERROR Dihya/backend/django/app/routes/sport/tests/test_api.py - django.core.e...
ERROR Dihya/backend/django/app/routes/sport/tests.py
ERROR Dihya/backend/django/app/routes/tourisme/tests/test_api.py - django.cor...
ERROR Dihya/backend/django/app/routes/tourisme/tests.py
ERROR Dihya/backend/django/app/routes/transport/tests/test_api.py - django.co...
ERROR Dihya/backend/django/app/routes/transport/tests.py - django.core.except...
ERROR Dihya/backend/django/app/routes/utils/tests.py
ERROR Dihya/backend/django/app/routes/validators/tests.py
ERROR Dihya/backend/django/app/routes/voice/tests/test_accessibilite.py - dja...
ERROR Dihya/backend/django/app/routes/voice/tests/test_e2e.py - django.core.e...
ERROR Dihya/backend/django/app/routes/voice/tests/test_integration.py - djang...
ERROR Dihya/backend/django/app/routes/voice/tests/test_performance.py - djang...
ERROR Dihya/backend/django/app/routes/voice/tests/test_plugin.py
ERROR Dihya/backend/django/app/routes/voice/tests.py - django.core.exceptions...
ERROR Dihya/backend/django/app/routes/voyage/tests/test_accessibilite.py - dj...
ERROR Dihya/backend/django/app/routes/voyage/tests/test_cancel_reservation.py
ERROR Dihya/backend/django/app/routes/voyage/tests/test_create_reservation.py
ERROR Dihya/backend/django/app/routes/voyage/tests/test_e2e.py - django.core....
ERROR Dihya/backend/django/app/routes/voyage/tests/test_integration.py - djan...
ERROR Dihya/backend/django/app/routes/voyage/tests/test_performance.py - djan...
ERROR Dihya/backend/django/app/routes/voyage/tests/test_permissions.py - djan...
ERROR Dihya/backend/django/app/routes/voyage/tests/test_plugin.py
ERROR Dihya/backend/django/app/routes/voyage/tests/test_rgpd.py - django.core...
ERROR Dihya/backend/django/app/routes/vr_ar/tests/test_accessibilite.py - dja...
ERROR Dihya/backend/django/app/routes/vr_ar/tests/test_create_scene.py - djan...
ERROR Dihya/backend/django/app/routes/vr_ar/tests/test_e2e.py - django.core.e...
ERROR Dihya/backend/django/app/routes/vr_ar/tests/test_graphql.py - django.co...
ERROR Dihya/backend/django/app/routes/vr_ar/tests/test_integration.py - djang...
ERROR Dihya/backend/django/app/routes/vr_ar/tests/test_performance.py - djang...
ERROR Dihya/backend/django/app/routes/vr_ar/tests/test_permissions.py - djang...
ERROR Dihya/backend/django/app/routes/vr_ar/tests/test_plugin.py
ERROR Dihya/backend/django/app/routes/vr_ar/tests/test_rgpd.py - django.core....
ERROR Dihya/backend/django/app/routes/vr_ar/tests/test_view_asset.py - django...
ERROR Dihya/backend/django/app/templates/administration_publique/test_administration_publique.py
ERROR Dihya/backend/django/app/templates/agriculture/test_agriculture.py
ERROR Dihya/backend/django/app/templates/arts/test_arts.py
ERROR Dihya/backend/django/app/templates/assurance/test_assurance.py
ERROR Dihya/backend/django/app/templates/automobile/test_automobile.py
ERROR Dihya/backend/django/app/templates/banque_finance/test_banque_finance.py
ERROR Dihya/backend/django/app/templates/beaute/test_beaute.py
ERROR Dihya/backend/django/app/templates/btp/test_btp.py
ERROR Dihya/backend/django/app/templates/construction/test_construction.py
ERROR Dihya/backend/django/app/templates/crypto/test_crypto.py
ERROR Dihya/backend/django/app/templates/culture/test_culture.py
ERROR Dihya/backend/django/app/templates/ecommerce/test_ecommerce.py
ERROR Dihya/backend/django/app/templates/education/test_education.py
ERROR Dihya/backend/django/app/templates/energie/test_energie.py
ERROR Dihya/backend/django/app/templates/gamer/test_gamer.py - django.core.ex...
ERROR Dihya/backend/django/app/templates/health/test_health.py - django.core....
ERROR Dihya/backend/django/app/templates/hotellerie/test_hotellerie.py - djan...
ERROR Dihya/backend/django/app/templates/immobilier/test_immobilier.py - djan...
ERROR Dihya/backend/django/app/templates/industrie/test_industrie.py - django...
ERROR Dihya/backend/django/app/templates/intelligence_artificielle/test_intelligence_artificielle.py
ERROR Dihya/backend/django/app/templates/it_devops/test_it_devops.py - django...
ERROR Dihya/backend/django/app/templates/journalisme/test_journalisme.py - dj...
ERROR Dihya/backend/django/app/templates/juridique/test_juridique.py - django...
ERROR Dihya/backend/django/app/templates/logistique/test_logistique.py - djan...
ERROR Dihya/backend/django/app/templates/loisirs/test_loisirs.py - django.cor...
ERROR Dihya/backend/django/app/templates/manufacturing/test_manufacturing.py
ERROR Dihya/backend/django/app/templates/marketing/test_marketing.py - django...
ERROR Dihya/backend/django/app/templates/medias/test_medias.py - django.core....
ERROR Dihya/backend/django/app/templates/mobile/test_mobile.py - django.core....
ERROR Dihya/backend/django/app/templates/mode/test_mode.py - django.core.exce...
ERROR Dihya/backend/django/app/templates/preview/test_preview.py - django.cor...
ERROR Dihya/backend/django/app/templates/publicite/test_publicite.py - django...
ERROR Dihya/backend/django/app/templates/recherche/test_recherche.py - django...
ERROR Dihya/backend/django/app/templates/ressources_humaines/test_ressources_humaines.py
ERROR Dihya/backend/django/app/templates/restauration/test_restauration.py - ...
ERROR Dihya/backend/django/app/templates/sante/test_sante.py - django.core.ex...
ERROR Dihya/backend/django/app/templates/science/test_science.py - django.cor...
ERROR Dihya/backend/django/app/templates/securite/test_securite.py - django.c...
ERROR Dihya/backend/django/app/templates/seo/test_seo.py - django.core.except...
ERROR Dihya/backend/django/app/templates/services_personne/test_services_personne.py
ERROR Dihya/backend/django/app/templates/social/test_social.py - django.core....
ERROR Dihya/backend/django/app/templates/sport/test_sport.py - django.core.ex...
ERROR Dihya/backend/django/app/templates/tourisme/test_tourisme.py - django.c...
ERROR Dihya/backend/django/app/templates/transport/test_transport.py - django...
ERROR Dihya/backend/django/app/templates/utils/test_utils.py
ERROR Dihya/backend/django/app/templates/validators/test_validators.py
ERROR Dihya/backend/django/app/templates/voice/test_voice.py
ERROR Dihya/backend/django/app/templates/voyage/test_voyage.py
ERROR Dihya/backend/django/app/templates/vr_ar/test_vr_ar.py
ERROR Dihya/backend/django/app/tests/integration/ecommerce/test_ecommerce_django.py
ERROR Dihya/backend/django/app/tests/integration/education/test_education_django.py
ERROR Dihya/backend/django/app/tests/integration/energie/test_energie_django.py
ERROR Dihya/backend/django/app/tests/integration/environnement/test_environnement_django.py
ERROR Dihya/backend/django/app/tests/integration/gamer/test_gamer_django.py
ERROR Dihya/backend/django/app/tests/integration/health/test_health_django.py
ERROR Dihya/backend/django/app/tests/integration/hotellerie/test_hotellerie_django.py
ERROR Dihya/backend/django/app/tests/integration/immobilier/test_immobilier_django.py
ERROR Dihya/backend/django/app/tests/integration/industrie/test_industrie_django.py
ERROR Dihya/backend/django/app/tests/integration/intelligence_artificielle/test_intelligence_artificielle_django.py
ERROR Dihya/backend/django/app/tests/integration/it_devops/test_it_devops_django.py
ERROR Dihya/backend/django/app/tests/integration/journalisme/test_journalisme_django.py
ERROR Dihya/backend/django/app/tests/integration/juridique/test_juridique_django.py
ERROR Dihya/backend/django/app/tests/integration/logistique/test_logistique_django.py
ERROR Dihya/backend/django/app/tests/integration/loisirs/test_loisirs_django.py
ERROR Dihya/backend/django/app/tests/integration/manufacturing/test_manufacturing_django.py
ERROR Dihya/backend/django/app/tests/integration/marketing/test_marketing_django.py
ERROR Dihya/backend/django/app/tests/integration/medias/test_medias_django.py
ERROR Dihya/backend/django/app/tests/integration/mobile/test_mobile_django.py
ERROR Dihya/backend/django/app/tests/integration/mode/test_mode_django.py - d...
ERROR Dihya/backend/django/app/tests/integration/preview/test_preview_django.py
ERROR Dihya/backend/django/app/tests/integration/publicite/test_publicite_django.py
ERROR Dihya/backend/django/app/tests/integration/recherche/test_recherche_django.py
ERROR Dihya/backend/django/app/tests/integration/ressources_humaines/test_ressources_humaines_django.py
ERROR Dihya/backend/django/app/tests/integration/restauration/test_restauration_django.py
ERROR Dihya/backend/django/app/tests/integration/sante/test_sante_django.py
ERROR Dihya/backend/django/app/tests/integration/science/test_science_django.py
ERROR Dihya/backend/django/app/tests/integration/securite/test_securite_django.py
ERROR Dihya/backend/django/app/tests/integration/seo/test_seo_django.py - dja...
ERROR Dihya/backend/django/app/tests/integration/services_personne/test_services_personne_django.py
ERROR Dihya/backend/django/app/tests/integration/social/test_social_django.py
ERROR Dihya/backend/django/app/tests/integration/sport/test_sport_django.py
ERROR Dihya/backend/django/app/tests/integration/tourisme/test_tourisme_django.py
ERROR Dihya/backend/django/app/tests/integration/transport/test_transport_django.py
ERROR Dihya/backend/django/app/tests/integration/utils/test_utils_django.py
ERROR Dihya/backend/django/app/tests/integration/validators/test_validators_django.py
ERROR Dihya/backend/django/app/tests/integration/voice/test_voice_django.py
ERROR Dihya/backend/django/app/tests/integration/voyage/test_voyage_django.py
ERROR Dihya/backend/django/app/tests/integration/vr_ar/test_vr_ar_django.py
ERROR Dihya/backend/django/routes/administration_publique/tests.py - django.c...
ERROR Dihya/backend/django/routes/agriculture/tests.py - django.core.exceptio...
ERROR Dihya/backend/django/routes/arts/tests.py - django.core.exceptions.Impr...
ERROR Dihya/backend/django/routes/automobile/tests.py - django.core.exception...
ERROR Dihya/backend/django/routes/banque_finance/tests.py - django.core.excep...
ERROR Dihya/backend/django/routes/education/tests.py
ERROR Dihya/backend/django/routes/energie/tests.py
ERROR Dihya/backend/django/routes/environnement/tests.py
ERROR Dihya/backend/django/routes/gamer/tests.py
ERROR Dihya/backend/django/routes/health/tests.py
ERROR Dihya/backend/django/routes/hotellerie/tests.py
ERROR Dihya/backend/django/routes/immobilier/tests.py
ERROR Dihya/backend/django/routes/industrie/tests.py
ERROR Dihya/backend/django/routes/intelligence_artificielle/tests.py - django...
ERROR Dihya/backend/django/routes/it_devops/tests.py
ERROR Dihya/backend/django/routes/sante/tests.py - django.core.exceptions.Imp...
ERROR Dihya/backend/django/routes/vr_ar/tests.py
ERROR Dihya/backend/django/tests/integration/3d/test_3d_django.py
ERROR Dihya/backend/django/tests/integration/administration_publique/test_administration_publique_django.py
ERROR Dihya/backend/django/tests/integration/agriculture/test_agriculture_django.py
ERROR Dihya/backend/django/tests/integration/arts/test_arts_django.py
ERROR Dihya/backend/django/tests/integration/assurance/test_assurance_django.py
ERROR Dihya/backend/django/tests/integration/automobile/test_automobile_django.py
ERROR Dihya/backend/django/tests/integration/banque_finance/test_banque_finance_django.py
ERROR Dihya/backend/django/tests/integration/beaute/test_beaute_django.py
ERROR Dihya/backend/django/tests/integration/blockchain/test_blockchain_django.py
ERROR Dihya/backend/django/tests/integration/btp/test_btp_django.py
ERROR Dihya/backend/django/tests/integration/construction/test_construction_django.py
ERROR Dihya/backend/django/tests/integration/crypto/test_crypto_django.py
ERROR Dihya/backend/django/tests/integration/culture/test_culture_django.py
ERROR Dihya/backend/django/tests/integration/ecommerce/test_ecommerce_django.py
ERROR Dihya/backend/django/tests/integration/social/test_social_django.py - d...
ERROR Dihya/backend/django/tests/integration/sport/test_sport_django.py - dja...
ERROR Dihya/backend/django/tests/integration/test_integration_django.py - dja...
ERROR Dihya/backend/django/tests/integration/tourisme/test_tourisme_django.py
ERROR Dihya/backend/django/tests/integration/transport/test_transport_django.py
ERROR Dihya/backend/django/tests/integration/utils/test_utils_django.py - dja...
ERROR Dihya/backend/django/tests/integration/validators/test_validators_django.py
ERROR Dihya/backend/django/tests/integration/voice/test_voice_django.py - dja...
ERROR Dihya/backend/django/tests/integration/voyage/test_voyage_django.py - d...
ERROR Dihya/backend/django/tests/integration/vr_ar/test_vr_ar_django.py - dja...
ERROR Dihya/backend/flask/app/ai_fallback/quotas/tests/test_quotas_tests.py
ERROR Dihya/backend/flask/app/ai_fallback/tests - ModuleNotFoundError: No mod...
ERROR Dihya/backend/flask/app/analytics/tests/test_core.py
ERROR Dihya/backend/flask/app/analytics/tests/test_finance_analytics.py
ERROR Dihya/backend/flask/app/analytics/tests/test_health_analytics.py
ERROR Dihya/backend/flask/app/analytics/tests/test_ia_analytics.py
ERROR Dihya/backend/flask/app/core/tests/test_constants.py
ERROR Dihya/backend/flask/app/core/tests/test_core.py
ERROR Dihya/backend/flask/app/core/tests/test_exceptions.py
ERROR Dihya/backend/flask/app/core/tests/test_validators.py
ERROR Dihya/backend/flask/app/graphql/tests - ModuleNotFoundError: No module ...
ERROR Dihya/backend/flask/app/integrations/webhooks/tests/test_crm_webhooks_tests.py
ERROR Dihya/backend/flask/app/integrations/webhooks/tests/test_erp_webhooks_tests.py
ERROR Dihya/backend/flask/app/metrics/tests/test_performance_metrics_tests.py
ERROR Dihya/backend/flask/app/metrics/tests/test_securite_metrics_tests.py
ERROR Dihya/backend/flask/app/metrics/tests/test_usage_metrics_tests.py
ERROR Dihya/backend/flask/app/notifications/tests/test_notifications_tests.py
ERROR Dihya/backend/flask/app/plugins/templates/tests/test_example_plugin_tests.py
ERROR Dihya/backend/flask/app/plugins/tests - ModuleNotFoundError: No module ...
ERROR Dihya/backend/flask/app/realtime/tests/test_events_tests.py
ERROR Dihya/backend/flask/app/realtime/tests/test_server_tests.py
ERROR Dihya/backend/flask/app/routes/tests - ModuleNotFoundError: No module n...
ERROR Dihya/backend/flask/app/scheduler/tests/test_scheduler_tests.py
ERROR Dihya/backend/flask/app/schemas/tests/test_schemas_tests.py
ERROR Dihya/backend/flask/app/securite/tests/test_acl_tests.py
ERROR Dihya/backend/flask/app/securite/tests/test_crypto_tests.py
ERROR Dihya/backend/flask/app/securite/tests/test_integrity_tests.py
ERROR Dihya/backend/flask/app/securite/tests/test_secrets_tests.py
ERROR Dihya/backend/flask/app/services/tests - ModuleNotFoundError: No module...
ERROR Dihya/backend/flask/app/tasks/tests/test_cleanup_tasks_tests.py
ERROR Dihya/backend/flask/app/tasks/tests/test_email_tasks_tests.py
ERROR Dihya/backend/flask/app/tasks/tests/test_notification_tasks_tests.py
ERROR Dihya/backend/flask/app/templates/3d/test_3d.py
ERROR Dihya/backend/flask/app/templates/administration_publique/test_administration_publique.py
ERROR Dihya/backend/flask/app/templates/agriculture/test_agriculture.py
ERROR Dihya/backend/flask/app/templates/arts/test_arts.py
ERROR Dihya/backend/flask/app/templates/assurance/test_assurance.py
ERROR Dihya/backend/flask/app/templates/automobile/test_automobile.py
ERROR Dihya/backend/flask/app/templates/banque_finance/test_banque_finance.py
ERROR Dihya/backend/flask/app/templates/beaute/test_beaute.py
ERROR Dihya/backend/flask/app/templates/blockchain/test_blockchain.py
ERROR Dihya/backend/flask/app/templates/btp/test_btp.py
ERROR Dihya/backend/flask/app/templates/construction/test_construction.py
ERROR Dihya/backend/flask/app/templates/crypto/test_crypto.py
ERROR Dihya/backend/flask/app/templates/culture/test_culture.py
ERROR Dihya/backend/flask/app/templates/ecommerce/test_ecommerce.py
ERROR Dihya/backend/flask/app/templates/education/test_education.py
ERROR Dihya/backend/flask/app/templates/energie/test_energie.py
ERROR Dihya/backend/flask/app/templates/environnement/test_environnement.py
ERROR Dihya/backend/flask/app/templates/gamer/test_gamer.py
ERROR Dihya/backend/flask/app/templates/health/backend/tests/test_patient.py
ERROR Dihya/backend/flask/app/templates/health/test_health.py
ERROR Dihya/backend/flask/app/templates/hotellerie/test_hotellerie.py
ERROR Dihya/backend/flask/app/templates/immobilier/test_immobilier.py
ERROR Dihya/backend/flask/app/templates/industrie/test_industrie.py
ERROR Dihya/backend/flask/app/templates/intelligence_artificielle/test_intelligence_artificielle.py
ERROR Dihya/backend/flask/app/templates/it_devops/test_it_devops.py
ERROR Dihya/backend/flask/app/templates/journalisme/test_journalisme.py
ERROR Dihya/backend/flask/app/templates/juridique/test_juridique.py
ERROR Dihya/backend/flask/app/templates/logistique/test_logistique.py
ERROR Dihya/backend/flask/app/templates/loisirs/test_loisirs.py
ERROR Dihya/backend/flask/app/templates/manufacturing/test_manufacturing.py
ERROR Dihya/backend/flask/app/templates/marketing/test_marketing.py
ERROR Dihya/backend/flask/app/templates/medias/test_medias.py
ERROR Dihya/backend/flask/app/templates/mobile/test_mobile.py
ERROR Dihya/backend/flask/app/templates/mode/test_mode.py
ERROR Dihya/backend/flask/app/templates/preview/test_preview.py
ERROR Dihya/backend/flask/app/templates/publicite/test_publicite.py
ERROR Dihya/backend/flask/app/templates/recherche/test_recherche.py
ERROR Dihya/backend/flask/app/templates/ressources_humaines/test_ressources_humaines.py
ERROR Dihya/backend/flask/app/templates/restauration/test_restauration.py
ERROR Dihya/backend/flask/app/templates/sante/test_sante.py
ERROR Dihya/backend/flask/app/templates/science/test_science.py
ERROR Dihya/backend/flask/app/templates/securite/test_securite.py
ERROR Dihya/backend/flask/app/templates/seo/test_seo.py
ERROR Dihya/backend/flask/app/templates/services_personne/test_services_personne.py
ERROR Dihya/backend/flask/app/templates/social/test_social.py
ERROR Dihya/backend/flask/app/templates/sport/test_sport.py
ERROR Dihya/backend/flask/app/templates/tourisme/test_tourisme.py
ERROR Dihya/backend/flask/app/templates/transport/test_transport.py
ERROR Dihya/backend/flask/app/templates/utils/test_utils.py
ERROR Dihya/backend/flask/app/templates/validators/test_validators.py
ERROR Dihya/backend/flask/app/templates/voice/test_voice.py
ERROR Dihya/backend/flask/app/templates/voyage/test_voyage.py
ERROR Dihya/backend/flask/app/templates/vr_ar/test_vr_ar.py
ERROR Dihya/backend/flask/app/test_access.py
ERROR Dihya/backend/flask/app/tests - ModuleNotFoundError: No module named 'f...
ERROR Dihya/backend/flask/app/utils/tests - ModuleNotFoundError: No module na...
ERROR Dihya/backend/flask/app/webhooks/tests/test_cicd_webhooks_tests.py
ERROR Dihya/backend/flask/app/webhooks/tests/test_notification_webhooks_tests.py
ERROR Dihya/backend/flask/app/webhooks/tests/test_payment_webhooks_tests.py
ERROR Dihya/backend/flask/integrations/tests/test_webhooks_tests.py
ERROR Dihya/backend/routes/blockchain/tests.py - django.core.exceptions.Impro...
ERROR Dihya/backend/routes/intelligence_artificielle/tests.py - django.core.e...
ERROR Dihya/backend/routes/vr_ar/tests.py
ERROR Dihya/frontend/tests/unit/test_unit.py
ERROR Dihya/marketplace/plugins/tests/test_plugin_py.py - TypeError: the 'pac...
ERROR frontend/tests/integration/test_integration_frontend.py
ERROR tests/unit/test_unit.py
!!!!!!!!!!!!!!!!!! Interrupted: 315 errors during collection !!!!!!!!!!!!!!!!!!!
====================== 80 warnings, 315 errors in 11.89s =======================
